2025-11-16 19:16:52,617 - __main__ - INFO - ============================================================
2025-11-16 19:16:52,617 - __main__ - INFO - 智能排课系统启动
2025-11-16 19:16:52,617 - __main__ - INFO - ============================================================
2025-11-16 19:16:52,617 - __main__ - INFO - 版本ID: 1
2025-11-16 19:16:52,618 - __main__ - INFO - 遗传算法配置: {'population_size': 150, 'generations': 300, 'crossover_rate': 0.8, 'mutation_rate': 0.1, 'tournament_size': 5, 'elitism_size': 10, 'max_stagnation': 50}
2025-11-16 19:16:52,618 - __main__ - INFO - 连接数据库: localhost:paike2
2025-11-16 19:16:52,649 - db_connector - INFO - 数据库连接成功
2025-11-16 19:16:52,650 - __main__ - ERROR - 排课版本 1 不存在
2025-11-16 19:16:52,651 - __main__ - ERROR - 排课任务执行失败！
2025-11-16 19:16:52,651 - db_connector - INFO - 数据库连接已关闭
2025-11-16 19:20:07,008 - __main__ - INFO - ============================================================
2025-11-16 19:20:07,010 - __main__ - INFO - 智能排课系统启动
2025-11-16 19:20:07,010 - __main__ - INFO - ============================================================
2025-11-16 19:20:07,010 - __main__ - INFO - 版本ID: 1
2025-11-16 19:20:07,010 - __main__ - INFO - 遗传算法配置: {'population_size': 150, 'generations': 300, 'crossover_rate': 0.8, 'mutation_rate': 0.1, 'tournament_size': 5, 'elitism_size': 10, 'max_stagnation': 50}
2025-11-16 19:20:07,011 - __main__ - INFO - 连接数据库: localhost:paike2
2025-11-16 19:20:07,027 - db_connector - INFO - 数据库连接成功
2025-11-16 19:20:07,030 - __main__ - ERROR - 排课版本 1 不存在
2025-11-16 19:20:07,031 - __main__ - ERROR - 排课任务执行失败！
2025-11-16 19:20:07,031 - db_connector - INFO - 数据库连接已关闭
2025-11-16 19:21:25,811 - __main__ - INFO - ============================================================
2025-11-16 19:21:25,812 - __main__ - INFO - 智能排课系统启动
2025-11-16 19:21:25,812 - __main__ - INFO - ============================================================
2025-11-16 19:21:25,812 - __main__ - INFO - 版本ID: 1
2025-11-16 19:21:25,812 - __main__ - INFO - 遗传算法配置: {'population_size': 150, 'generations': 300, 'crossover_rate': 0.8, 'mutation_rate': 0.1, 'tournament_size': 5, 'elitism_size': 10, 'max_stagnation': 50}
2025-11-16 19:21:25,813 - __main__ - INFO - 连接数据库: localhost:paike2
2025-11-16 19:21:25,825 - db_connector - INFO - 数据库连接成功
2025-11-16 19:21:25,826 - __main__ - INFO - 验证版本成功: 测试版本1 (2025-2026-1)
2025-11-16 19:21:25,826 - __main__ - INFO - 开始加载学期 2025-2026-1 的数据
2025-11-16 19:21:25,826 - db_connector - INFO - 开始加载学期 2025-2026-1 的排课数据
2025-11-16 19:21:25,829 - __main__ - ERROR - 排课过程中发生错误: Major.__init__() got an unexpected keyword argument 'notes'
2025-11-16 19:21:25,831 - __main__ - ERROR - Traceback (most recent call last):
  File "D:\suanf\suan2.py", line 147, in run_scheduling
    data = self.data_loader.load_all_data(semester)
           ^^^^^^^^^^^^^^^^^^^^^^^^^^^^^^^^^^^^^^^^
  File "D:\suanf\db_connector.py", line 107, in load_all_data
    "majors": self._load_majors(),
              ^^^^^^^^^^^^^^^^^^^
  File "D:\suanf\db_connector.py", line 143, in _load_majors
    return {row["major_id"]: Major(**row) for row in rows}
           ^^^^^^^^^^^^^^^^^^^^^^^^^^^^^^^^^^^^^^^^^^^^^^^
  File "D:\suanf\db_connector.py", line 143, in <dictcomp>
    return {row["major_id"]: Major(**row) for row in rows}
                             ^^^^^^^^^^^^
TypeError: Major.__init__() got an unexpected keyword argument 'notes'

2025-11-16 19:21:25,832 - __main__ - ERROR - 排课任务执行失败！
2025-11-16 19:21:25,832 - db_connector - INFO - 数据库连接已关闭
2025-11-16 19:27:46,349 - __main__ - INFO - ============================================================
2025-11-16 19:27:46,350 - __main__ - INFO - 智能排课系统启动
2025-11-16 19:27:46,350 - __main__ - INFO - ============================================================
2025-11-16 19:27:46,351 - __main__ - INFO - 版本ID: 1
2025-11-16 19:27:46,351 - __main__ - INFO - 遗传算法配置: {'population_size': 150, 'generations': 300, 'crossover_rate': 0.8, 'mutation_rate': 0.1, 'tournament_size': 5, 'elitism_size': 10, 'max_stagnation': 50}
2025-11-16 19:27:46,351 - __main__ - INFO - 连接数据库: localhost:paike2
2025-11-16 19:27:46,385 - db_connector - INFO - 数据库连接成功
2025-11-16 19:27:46,388 - __main__ - INFO - 验证版本成功: 测试版本1 (2025-2026-1)
2025-11-16 19:27:46,389 - __main__ - INFO - 开始加载学期 2025-2026-1 的数据
2025-11-16 19:27:46,390 - db_connector - INFO - 开始加载学期 2025-2026-1 的排课数据
2025-11-16 19:27:46,398 - __main__ - ERROR - 排课过程中发生错误: Class.__init__() got an unexpected keyword argument 'education_system'
2025-11-16 19:27:46,403 - __main__ - ERROR - Traceback (most recent call last):
  File "D:\suanf\suan2.py", line 147, in run_scheduling
    data = self.data_loader.load_all_data(semester)
           ^^^^^^^^^^^^^^^^^^^^^^^^^^^^^^^^^^^^^^^^
  File "D:\suanf\db_connector.py", line 108, in load_all_data
    "classes": self._load_classes(),
               ^^^^^^^^^^^^^^^^^^^^
  File "D:\suanf\db_connector.py", line 149, in _load_classes
    return {row["class_id"]: Class(**row) for row in rows}
           ^^^^^^^^^^^^^^^^^^^^^^^^^^^^^^^^^^^^^^^^^^^^^^^
  File "D:\suanf\db_connector.py", line 149, in <dictcomp>
    return {row["class_id"]: Class(**row) for row in rows}
                             ^^^^^^^^^^^^
TypeError: Class.__init__() got an unexpected keyword argument 'education_system'

2025-11-16 19:27:46,405 - __main__ - ERROR - 排课任务执行失败！
2025-11-16 19:27:46,406 - db_connector - INFO - 数据库连接已关闭
2025-11-16 19:30:15,398 - __main__ - INFO - ============================================================
2025-11-16 19:30:15,399 - __main__ - INFO - 智能排课系统启动
2025-11-16 19:30:15,399 - __main__ - INFO - ============================================================
2025-11-16 19:30:15,399 - __main__ - INFO - 版本ID: 1
2025-11-16 19:30:15,399 - __main__ - INFO - 遗传算法配置: {'population_size': 150, 'generations': 300, 'crossover_rate': 0.8, 'mutation_rate': 0.1, 'tournament_size': 5, 'elitism_size': 10, 'max_stagnation': 50}
2025-11-16 19:30:15,399 - __main__ - INFO - 连接数据库: localhost:paike2
2025-11-16 19:30:15,435 - db_connector - INFO - 数据库连接成功
2025-11-16 19:30:15,437 - __main__ - INFO - 验证版本成功: 测试版本1 (2025-2026-1)
2025-11-16 19:30:15,437 - __main__ - INFO - 开始加载学期 2025-2026-1 的数据
2025-11-16 19:30:15,437 - db_connector - INFO - 开始加载学期 2025-2026-1 的排课数据
2025-11-16 19:30:15,445 - __main__ - ERROR - 排课过程中发生错误: Course.__init__() got an unexpected keyword argument 'notes'
2025-11-16 19:30:15,446 - __main__ - ERROR - Traceback (most recent call last):
  File "D:\suanf\suan2.py", line 147, in run_scheduling
    data = self.data_loader.load_all_data(semester)
           ^^^^^^^^^^^^^^^^^^^^^^^^^^^^^^^^^^^^^^^^
  File "D:\suanf\db_connector.py", line 110, in load_all_data
    "courses": self._load_courses(),
               ^^^^^^^^^^^^^^^^^^^^
  File "D:\suanf\db_connector.py", line 163, in _load_courses
    return {row["course_id"]: Course(**row) for row in rows}
           ^^^^^^^^^^^^^^^^^^^^^^^^^^^^^^^^^^^^^^^^^^^^^^^^^
  File "D:\suanf\db_connector.py", line 163, in <dictcomp>
    return {row["course_id"]: Course(**row) for row in rows}
                              ^^^^^^^^^^^^^
TypeError: Course.__init__() got an unexpected keyword argument 'notes'

2025-11-16 19:30:15,446 - __main__ - ERROR - 排课任务执行失败！
2025-11-16 19:30:15,447 - db_connector - INFO - 数据库连接已关闭
2025-11-16 19:31:20,777 - __main__ - INFO - ============================================================
2025-11-16 19:31:20,777 - __main__ - INFO - 智能排课系统启动
2025-11-16 19:31:20,778 - __main__ - INFO - ============================================================
2025-11-16 19:31:20,778 - __main__ - INFO - 版本ID: 1
2025-11-16 19:31:20,778 - __main__ - INFO - 遗传算法配置: {'population_size': 150, 'generations': 300, 'crossover_rate': 0.8, 'mutation_rate': 0.1, 'tournament_size': 5, 'elitism_size': 10, 'max_stagnation': 50}
2025-11-16 19:31:20,778 - __main__ - INFO - 连接数据库: localhost:paike2
2025-11-16 19:31:20,788 - db_connector - INFO - 数据库连接成功
2025-11-16 19:31:20,789 - __main__ - INFO - 验证版本成功: 测试版本1 (2025-2026-1)
2025-11-16 19:31:20,789 - __main__ - INFO - 开始加载学期 2025-2026-1 的数据
2025-11-16 19:31:20,790 - db_connector - INFO - 开始加载学期 2025-2026-1 的排课数据
2025-11-16 19:31:20,802 - __main__ - ERROR - 排课过程中发生错误: CourseOffering.__init__() got an unexpected keyword argument 'start_week'
2025-11-16 19:31:20,804 - __main__ - ERROR - Traceback (most recent call last):
  File "D:\suanf\suan2.py", line 147, in run_scheduling
    data = self.data_loader.load_all_data(semester)
           ^^^^^^^^^^^^^^^^^^^^^^^^^^^^^^^^^^^^^^^^
  File "D:\suanf\db_connector.py", line 113, in load_all_data
    "course_offerings": self._load_course_offerings(semester),
                        ^^^^^^^^^^^^^^^^^^^^^^^^^^^^^^^^^^^^^
  File "D:\suanf\db_connector.py", line 206, in _load_course_offerings
    offerings[row["offering_id"]] = CourseOffering(**row)
                                    ^^^^^^^^^^^^^^^^^^^^^
TypeError: CourseOffering.__init__() got an unexpected keyword argument 'start_week'

2025-11-16 19:31:20,804 - __main__ - ERROR - 排课任务执行失败！
2025-11-16 19:31:20,804 - db_connector - INFO - 数据库连接已关闭
2025-11-16 19:33:39,712 - __main__ - INFO - ============================================================
2025-11-16 19:33:39,712 - __main__ - INFO - 智能排课系统启动
2025-11-16 19:33:39,713 - __main__ - INFO - ============================================================
2025-11-16 19:33:39,713 - __main__ - INFO - 版本ID: 1
2025-11-16 19:33:39,713 - __main__ - INFO - 遗传算法配置: {'population_size': 150, 'generations': 300, 'crossover_rate': 0.8, 'mutation_rate': 0.1, 'tournament_size': 5, 'elitism_size': 10, 'max_stagnation': 50}
2025-11-16 19:33:39,713 - __main__ - INFO - 连接数据库: localhost:paike2
2025-11-16 19:33:39,742 - db_connector - INFO - 数据库连接成功
2025-11-16 19:33:39,745 - __main__ - INFO - 验证版本成功: 测试版本1 (2025-2026-1)
2025-11-16 19:33:39,746 - __main__ - INFO - 开始加载学期 2025-2026-1 的数据
2025-11-16 19:33:39,746 - db_connector - INFO - 开始加载学期 2025-2026-1 的排课数据
2025-11-16 19:33:39,782 - db_connector - ERROR - 查询执行失败: 
            SELECT tr.task_id, tr.related_task_id, tr.relation_type, 
                   tr.time_gap, tr.same_day, tr.description
            FROM task_relations tr
            JOIN teaching_tasks tt ON tr.task_id = tt.task_id
            JOIN course_offerings co ON tt.offering_id = co.offering_id
            WHERE co.semester = %s AND tr.is_active = 1
            , 错误: (1146, "Table 'paike2.task_relations' doesn't exist")
2025-11-16 19:33:39,782 - db_connector - WARNING - 无法加载任务关系约束: (1146, "Table 'paike2.task_relations' doesn't exist")
2025-11-16 19:33:39,782 - db_connector - INFO - 开始填充教学任务详细信息
2025-11-16 19:33:39,788 - db_connector - INFO - 教学任务详细信息填充完成
2025-11-16 19:33:39,790 - db_connector - INFO - 所有数据加载完成
2025-11-16 19:33:39,790 - __main__ - INFO - 开始验证数据完整性
2025-11-16 19:33:39,790 - __main__ - ERROR - 数据完整性检查失败:
2025-11-16 19:33:39,790 - __main__ - ERROR -   - 有 2 个任务没有分配教师
2025-11-16 19:33:39,790 - __main__ - ERROR - 排课任务执行失败！
2025-11-16 19:33:39,791 - db_connector - INFO - 数据库连接已关闭
2025-11-16 19:35:02,415 - __main__ - INFO - ============================================================
2025-11-16 19:35:02,417 - __main__ - INFO - 智能排课系统启动
2025-11-16 19:35:02,418 - __main__ - INFO - ============================================================
2025-11-16 19:35:02,418 - __main__ - INFO - 版本ID: 1
2025-11-16 19:35:02,418 - __main__ - INFO - 遗传算法配置: {'population_size': 150, 'generations': 300, 'crossover_rate': 0.8, 'mutation_rate': 0.1, 'tournament_size': 5, 'elitism_size': 10, 'max_stagnation': 50}
2025-11-16 19:35:02,418 - __main__ - INFO - 连接数据库: localhost:paike2
2025-11-16 19:35:02,429 - db_connector - INFO - 数据库连接成功
2025-11-16 19:35:02,430 - __main__ - INFO - 验证版本成功: 测试版本1 (2025-2026-1)
2025-11-16 19:35:02,431 - __main__ - INFO - 开始加载学期 2025-2026-1 的数据
2025-11-16 19:35:02,433 - db_connector - INFO - 开始加载学期 2025-2026-1 的排课数据
2025-11-16 19:35:02,453 - db_connector - ERROR - 查询执行失败: 
            SELECT tr.task_id, tr.related_task_id, tr.relation_type, 
                   tr.time_gap, tr.same_day, tr.description
            FROM task_relations tr
            JOIN teaching_tasks tt ON tr.task_id = tt.task_id
            JOIN course_offerings co ON tt.offering_id = co.offering_id
            WHERE co.semester = %s AND tr.is_active = 1
            , 错误: (1146, "Table 'paike2.task_relations' doesn't exist")
2025-11-16 19:35:02,453 - db_connector - WARNING - 无法加载任务关系约束: (1146, "Table 'paike2.task_relations' doesn't exist")
2025-11-16 19:35:02,454 - db_connector - INFO - 开始填充教学任务详细信息
2025-11-16 19:35:02,461 - db_connector - INFO - 教学任务详细信息填充完成
2025-11-16 19:35:02,463 - db_connector - INFO - 所有数据加载完成
2025-11-16 19:35:02,464 - __main__ - INFO - 开始验证数据完整性
2025-11-16 19:35:02,465 - __main__ - INFO - 数据完整性检查通过
2025-11-16 19:35:02,467 - __main__ - INFO -   - 教学任务: 153 个
2025-11-16 19:35:02,468 - __main__ - INFO -   - 教师: 243 人
2025-11-16 19:35:02,469 - __main__ - INFO -   - 教室: 133 间
2025-11-16 19:35:02,470 - __main__ - INFO -   - 班级: 80 个
2025-11-16 19:35:02,471 - __main__ - INFO - 初始化遗传算法
2025-11-16 19:35:02,472 - genetic_algorithm - INFO - 开始预处理数据
2025-11-16 19:35:02,473 - genetic_algorithm - INFO - 任务优先级排序完成：长课程优先，必修课优先
2025-11-16 19:35:02,474 - genetic_algorithm - INFO - 预处理完成：153个任务，133个教室
2025-11-16 19:35:02,475 - __main__ - INFO - 开始运行遗传算法
2025-11-16 19:35:02,476 - genetic_algorithm - INFO - 开始遗传算法进化
2025-11-16 19:35:36,047 - __main__ - ERROR - 排课过程中发生错误: 'penalty_scores'
2025-11-16 19:35:36,050 - __main__ - ERROR - Traceback (most recent call last):
  File "D:\suanf\suan2.py", line 159, in run_scheduling
    best_solution = ga.evolve()
                    ^^^^^^^^^^^
  File "D:\suanf\genetic_algorithm.py", line 812, in evolve
    fitness_scores = [self.fitness(individual) for individual in population]
                     ^^^^^^^^^^^^^^^^^^^^^^^^^^^^^^^^^^^^^^^^^^^^^^^^^^^^^^^
  File "D:\suanf\genetic_algorithm.py", line 812, in <listcomp>
    fitness_scores = [self.fitness(individual) for individual in population]
                      ^^^^^^^^^^^^^^^^^^^^^^^^
  File "D:\suanf\genetic_algorithm.py", line 450, in fitness
    score += self._check_hard_constraints(
             ^^^^^^^^^^^^^^^^^^^^^^^^^^^^^
  File "D:\suanf\genetic_algorithm.py", line 483, in _check_hard_constraints
    penalty += self.config["penalty_scores"][conflict_type]
               ~~~~~~~~~~~^^^^^^^^^^^^^^^^^^
KeyError: 'penalty_scores'

2025-11-16 19:35:36,051 - __main__ - ERROR - 排课任务执行失败！
2025-11-16 19:35:36,051 - db_connector - INFO - 数据库连接已关闭
2025-11-16 19:37:55,192 - __main__ - INFO - ============================================================
2025-11-16 19:37:55,193 - __main__ - INFO - 智能排课系统启动
2025-11-16 19:37:55,193 - __main__ - INFO - ============================================================
2025-11-16 19:37:55,195 - __main__ - INFO - 版本ID: 1
2025-11-16 19:37:55,195 - __main__ - INFO - 遗传算法配置: {'population_size': 150, 'generations': 300, 'crossover_rate': 0.8, 'mutation_rate': 0.1, 'tournament_size': 5, 'elitism_size': 10, 'max_stagnation': 50}
2025-11-16 19:37:55,195 - __main__ - INFO - 连接数据库: localhost:paike2
2025-11-16 19:37:55,218 - db_connector - INFO - 数据库连接成功
2025-11-16 19:37:55,221 - __main__ - INFO - 验证版本成功: 测试版本1 (2025-2026-1)
2025-11-16 19:37:55,222 - __main__ - INFO - 开始加载学期 2025-2026-1 的数据
2025-11-16 19:37:55,223 - db_connector - INFO - 开始加载学期 2025-2026-1 的排课数据
2025-11-16 19:37:55,256 - db_connector - ERROR - 查询执行失败: 
            SELECT tr.task_id, tr.related_task_id, tr.relation_type, 
                   tr.time_gap, tr.same_day, tr.description
            FROM task_relations tr
            JOIN teaching_tasks tt ON tr.task_id = tt.task_id
            JOIN course_offerings co ON tt.offering_id = co.offering_id
            WHERE co.semester = %s AND tr.is_active = 1
            , 错误: (1146, "Table 'paike2.task_relations' doesn't exist")
2025-11-16 19:37:55,256 - db_connector - WARNING - 无法加载任务关系约束: (1146, "Table 'paike2.task_relations' doesn't exist")
2025-11-16 19:37:55,256 - db_connector - INFO - 开始填充教学任务详细信息
2025-11-16 19:37:55,266 - db_connector - INFO - 教学任务详细信息填充完成
2025-11-16 19:37:55,267 - db_connector - INFO - 所有数据加载完成
2025-11-16 19:37:55,267 - __main__ - INFO - 开始验证数据完整性
2025-11-16 19:37:55,267 - __main__ - INFO - 数据完整性检查通过
2025-11-16 19:37:55,268 - __main__ - INFO -   - 教学任务: 153 个
2025-11-16 19:37:55,268 - __main__ - INFO -   - 教师: 243 人
2025-11-16 19:37:55,269 - __main__ - INFO -   - 教室: 133 间
2025-11-16 19:37:55,269 - __main__ - INFO -   - 班级: 80 个
2025-11-16 19:37:55,269 - __main__ - INFO - 初始化遗传算法
2025-11-16 19:37:55,270 - genetic_algorithm - INFO - 开始预处理数据
2025-11-16 19:37:55,271 - genetic_algorithm - INFO - 任务优先级排序完成：长课程优先，必修课优先
2025-11-16 19:37:55,272 - genetic_algorithm - INFO - 预处理完成：153个任务，133个教室
2025-11-16 19:37:55,273 - __main__ - INFO - 开始运行遗传算法
2025-11-16 19:37:55,273 - genetic_algorithm - INFO - 开始遗传算法进化
2025-11-16 19:38:02,581 - __main__ - INFO - 用户中断程序
2025-11-16 19:38:02,582 - db_connector - INFO - 数据库连接已关闭
2025-11-16 19:39:21,590 - __main__ - INFO - ============================================================
2025-11-16 19:39:21,590 - __main__ - INFO - 智能排课系统启动
2025-11-16 19:39:21,590 - __main__ - INFO - ============================================================
2025-11-16 19:39:21,591 - __main__ - INFO - 版本ID: 1
2025-11-16 19:39:21,591 - __main__ - INFO - 遗传算法配置: {'population_size': 150, 'generations': 300, 'crossover_rate': 0.8, 'mutation_rate': 0.1, 'tournament_size': 5, 'elitism_size': 10, 'max_stagnation': 50}
2025-11-16 19:39:21,591 - __main__ - INFO - 连接数据库: localhost:paike2
2025-11-16 19:39:21,633 - db_connector - INFO - 数据库连接成功
2025-11-16 19:39:21,635 - __main__ - INFO - 验证版本成功: 测试版本1 (2025-2026-1)
2025-11-16 19:39:21,636 - __main__ - INFO - 开始加载学期 2025-2026-1 的数据
2025-11-16 19:39:21,637 - db_connector - INFO - 开始加载学期 2025-2026-1 的排课数据
2025-11-16 19:39:21,681 - db_connector - ERROR - 查询执行失败: 
            SELECT tr.task_id, tr.related_task_id, tr.relation_type, 
                   tr.time_gap, tr.same_day, tr.description
            FROM task_relations tr
            JOIN teaching_tasks tt ON tr.task_id = tt.task_id
            JOIN course_offerings co ON tt.offering_id = co.offering_id
            WHERE co.semester = %s AND tr.is_active = 1
            , 错误: (1146, "Table 'paike2.task_relations' doesn't exist")
2025-11-16 19:39:21,681 - db_connector - WARNING - 无法加载任务关系约束: (1146, "Table 'paike2.task_relations' doesn't exist")
2025-11-16 19:39:21,682 - db_connector - INFO - 开始填充教学任务详细信息
2025-11-16 19:39:21,692 - db_connector - INFO - 教学任务详细信息填充完成
2025-11-16 19:39:21,692 - db_connector - INFO - 所有数据加载完成
2025-11-16 19:39:21,692 - __main__ - INFO - 开始验证数据完整性
2025-11-16 19:39:21,692 - __main__ - INFO - 数据完整性检查通过
2025-11-16 19:39:21,693 - __main__ - INFO -   - 教学任务: 153 个
2025-11-16 19:39:21,693 - __main__ - INFO -   - 教师: 243 人
2025-11-16 19:39:21,693 - __main__ - INFO -   - 教室: 133 间
2025-11-16 19:39:21,694 - __main__ - INFO -   - 班级: 80 个
2025-11-16 19:39:21,694 - __main__ - INFO - 初始化遗传算法
2025-11-16 19:39:21,695 - genetic_algorithm - INFO - 开始预处理数据
2025-11-16 19:39:21,697 - genetic_algorithm - INFO - 任务优先级排序完成：长课程优先，必修课优先
2025-11-16 19:39:21,697 - genetic_algorithm - INFO - 预处理完成：153个任务，133个教室
2025-11-16 19:39:21,698 - __main__ - INFO - 开始运行遗传算法
2025-11-16 19:39:21,698 - genetic_algorithm - INFO - 开始遗传算法进化
2025-11-16 19:39:54,351 - genetic_algorithm - INFO - 第 0 代，新的最佳适应度: -1175000.00
2025-11-16 19:39:54,361 - genetic_algorithm - INFO - 第 0 代完成，当前最佳适应度: -1175000.00
2025-11-16 19:39:54,435 - genetic_algorithm - INFO - 第 1 代，新的最佳适应度: -1160000.00
2025-11-16 19:39:54,510 - genetic_algorithm - INFO - 第 2 代，新的最佳适应度: -1125000.00
2025-11-16 19:39:54,604 - genetic_algorithm - INFO - 第 3 代，新的最佳适应度: -1110000.00
2025-11-16 19:39:54,678 - genetic_algorithm - INFO - 第 4 代，新的最佳适应度: -1100000.00
2025-11-16 19:39:54,740 - genetic_algorithm - INFO - 第 5 代，新的最佳适应度: -1090000.00
2025-11-16 19:39:54,900 - genetic_algorithm - INFO - 第 7 代，新的最佳适应度: -1075000.00
2025-11-16 19:39:54,967 - genetic_algorithm - INFO - 第 8 代，新的最佳适应度: -1065000.00
2025-11-16 19:39:55,033 - genetic_algorithm - INFO - 第 9 代，新的最佳适应度: -1055000.00
2025-11-16 19:39:55,115 - genetic_algorithm - INFO - 第 10 代，新的最佳适应度: -1050000.00
2025-11-16 19:39:55,437 - genetic_algorithm - INFO - 第 14 代，新的最佳适应度: -1045000.00
2025-11-16 19:39:55,866 - genetic_algorithm - INFO - 第 20 代，新的最佳适应度: -1040000.00
2025-11-16 19:39:55,877 - genetic_algorithm - INFO - 第 20 代完成，当前最佳适应度: -1040000.00
2025-11-16 19:39:56,201 - genetic_algorithm - INFO - 第 25 代，新的最佳适应度: -1035000.00
2025-11-16 19:39:56,349 - genetic_algorithm - INFO - 第 27 代，新的最佳适应度: -1030000.00
2025-11-16 19:39:56,615 - genetic_algorithm - INFO - 第 31 代，新的最佳适应度: -1025000.00
2025-11-16 19:39:57,241 - genetic_algorithm - INFO - 第 40 代完成，当前最佳适应度: -1025000.00
2025-11-16 19:39:57,464 - genetic_algorithm - INFO - 第 43 代，新的最佳适应度: -1015000.00
2025-11-16 19:39:57,532 - genetic_algorithm - INFO - 第 44 代，新的最佳适应度: -995000.00
2025-11-16 19:39:58,514 - genetic_algorithm - INFO - 第 60 代完成，当前最佳适应度: -995000.00
2025-11-16 19:39:59,743 - genetic_algorithm - INFO - 第 77 代，新的最佳适应度: -985000.00
2025-11-16 19:39:59,942 - genetic_algorithm - INFO - 第 80 代完成，当前最佳适应度: -985000.00
2025-11-16 19:40:00,069 - genetic_algorithm - INFO - 第 82 代，新的最佳适应度: -975000.00
2025-11-16 19:40:01,289 - genetic_algorithm - INFO - 第 100 代完成，当前最佳适应度: -975000.00
2025-11-16 19:40:02,634 - genetic_algorithm - INFO - 第 120 代完成，当前最佳适应度: -975000.00
2025-11-16 19:40:03,454 - genetic_algorithm - INFO - 算法停滞 50 代，提前结束
2025-11-16 19:40:03,516 - genetic_algorithm - INFO - 进化完成，最终最佳适应度: -975000.00
2025-11-16 19:40:03,517 - __main__ - INFO - 保存排课结果
2025-11-16 19:40:03,517 - db_connector - INFO - 开始保存排课结果，版本ID: 1
2025-11-16 19:40:03,526 - db_connector - INFO - 批量插入 153 条记录成功
2025-11-16 19:40:03,527 - db_connector - INFO - 成功保存 153 条排课结果
2025-11-16 19:40:03,527 - __main__ - INFO - 生成排课统计报告
2025-11-16 19:40:03,527 - __main__ - INFO - 排课覆盖率: 100.0% (153/153)
2025-11-16 19:40:03,527 - __main__ - WARNING - 发现班级冲突: 13 处
2025-11-16 19:40:03,528 - __main__ - INFO - 教室平均利用率: 84.0%
2025-11-16 19:40:03,528 - __main__ - WARNING - 发现 30 间教室利用率过低(<50%)
2025-11-16 19:40:03,528 - __main__ - INFO - 排课完成，总耗时: 41.89 秒
2025-11-16 19:40:03,528 - __main__ - INFO - 排课任务完成成功！
2025-11-16 19:40:03,529 - db_connector - INFO - 数据库连接已关闭
2025-11-16 19:56:17,408 - __main__ - INFO - ============================================================
2025-11-16 19:56:17,409 - __main__ - INFO - 智能排课系统启动
2025-11-16 19:56:17,409 - __main__ - INFO - ============================================================
2025-11-16 19:56:17,409 - __main__ - INFO - 版本ID: 1
2025-11-16 19:56:17,409 - __main__ - INFO - 遗传算法配置: {'population_size': 150, 'generations': 300, 'crossover_rate': 0.8, 'mutation_rate': 0.1, 'tournament_size': 5, 'elitism_size': 10, 'max_stagnation': 50}
2025-11-16 19:56:17,410 - __main__ - INFO - 连接数据库: localhost:paike2
2025-11-16 19:56:17,434 - db_connector - INFO - 数据库连接成功
2025-11-16 19:56:17,435 - __main__ - INFO - 验证版本成功: 测试版本1 (2025-2026-1)
2025-11-16 19:56:17,436 - __main__ - INFO - 开始加载学期 2025-2026-1 的数据
2025-11-16 19:56:17,436 - db_connector - INFO - 开始加载学期 2025-2026-1 的排课数据
2025-11-16 19:56:17,454 - db_connector - ERROR - 查询执行失败: 
            SELECT tr.task_id, tr.related_task_id, tr.relation_type, 
                   tr.time_gap, tr.same_day, tr.description
            FROM task_relations tr
            JOIN teaching_tasks tt ON tr.task_id = tt.task_id
            JOIN course_offerings co ON tt.offering_id = co.offering_id
            WHERE co.semester = %s AND tr.is_active = 1
            , 错误: (1146, "Table 'paike2.task_relations' doesn't exist")
2025-11-16 19:56:17,454 - db_connector - WARNING - 无法加载任务关系约束: (1146, "Table 'paike2.task_relations' doesn't exist")
2025-11-16 19:56:17,454 - db_connector - INFO - 开始填充教学任务详细信息
2025-11-16 19:56:17,460 - db_connector - INFO - 教学任务详细信息填充完成
2025-11-16 19:56:17,461 - db_connector - INFO - 所有数据加载完成
2025-11-16 19:56:17,461 - __main__ - INFO - 开始验证数据完整性
2025-11-16 19:56:17,461 - __main__ - INFO - 数据完整性检查通过
2025-11-16 19:56:17,461 - __main__ - INFO -   - 教学任务: 153 个
2025-11-16 19:56:17,461 - __main__ - INFO -   - 教师: 243 人
2025-11-16 19:56:17,461 - __main__ - INFO -   - 教室: 133 间
2025-11-16 19:56:17,463 - __main__ - INFO -   - 班级: 80 个
2025-11-16 19:56:17,463 - __main__ - INFO - 初始化遗传算法
2025-11-16 19:56:17,463 - genetic_algorithm - INFO - 开始预处理数据
2025-11-16 19:56:17,465 - genetic_algorithm - INFO - 任务优先级排序完成：长课程优先，必修课优先
2025-11-16 19:56:17,465 - genetic_algorithm - INFO - 预处理完成：153个任务，133个教室
2025-11-16 19:56:17,465 - __main__ - INFO - 开始运行遗传算法
2025-11-16 19:56:17,465 - genetic_algorithm - INFO - 开始遗传算法进化
2025-11-16 19:56:48,637 - genetic_algorithm - INFO - 第 0 代，新的最佳适应度: -1170000.00
2025-11-16 19:56:48,649 - genetic_algorithm - INFO - 第 0 代完成，当前最佳适应度: -1170000.00
2025-11-16 19:56:48,746 - genetic_algorithm - INFO - 第 1 代，新的最佳适应度: -1165000.00
2025-11-16 19:56:48,810 - genetic_algorithm - INFO - 第 2 代，新的最佳适应度: -1140000.00
2025-11-16 19:56:48,877 - genetic_algorithm - INFO - 第 3 代，新的最佳适应度: -1120000.00
2025-11-16 19:56:48,942 - genetic_algorithm - INFO - 第 4 代，新的最佳适应度: -1115000.00
2025-11-16 19:56:49,064 - genetic_algorithm - INFO - 第 6 代，新的最佳适应度: -1105000.00
2025-11-16 19:56:49,167 - genetic_algorithm - INFO - 第 7 代，新的最佳适应度: -1095000.00
2025-11-16 19:56:49,269 - genetic_algorithm - INFO - 第 8 代，新的最佳适应度: -1080000.00
2025-11-16 19:56:49,360 - genetic_algorithm - INFO - 第 9 代，新的最佳适应度: -1075000.00
2025-11-16 19:56:49,587 - genetic_algorithm - INFO - 第 12 代，新的最佳适应度: -1065000.00
2025-11-16 19:56:49,670 - genetic_algorithm - INFO - 第 13 代，新的最佳适应度: -1060000.00
2025-11-16 19:56:49,735 - genetic_algorithm - INFO - 第 14 代，新的最佳适应度: -1055000.00
2025-11-16 19:56:49,872 - genetic_algorithm - INFO - 第 16 代，新的最佳适应度: -1050000.00
2025-11-16 19:56:49,996 - genetic_algorithm - INFO - 第 18 代，新的最佳适应度: -1045000.00
2025-11-16 19:56:50,128 - genetic_algorithm - INFO - 第 20 代完成，当前最佳适应度: -1045000.00
2025-11-16 19:56:50,254 - genetic_algorithm - INFO - 第 22 代，新的最佳适应度: -1035000.00
2025-11-16 19:56:50,443 - genetic_algorithm - INFO - 第 24 代，新的最佳适应度: -1030000.00
2025-11-16 19:56:50,587 - genetic_algorithm - INFO - 第 26 代，新的最佳适应度: -1025000.00
2025-11-16 19:56:51,509 - genetic_algorithm - INFO - 第 40 代完成，当前最佳适应度: -1025000.00
2025-11-16 19:56:52,119 - genetic_algorithm - INFO - 第 48 代，新的最佳适应度: -1020000.00
2025-11-16 19:56:52,284 - genetic_algorithm - INFO - 第 50 代，新的最佳适应度: -1015000.00
2025-11-16 19:56:52,654 - genetic_algorithm - INFO - 第 54 代，新的最佳适应度: -1005000.00
2025-11-16 19:56:53,086 - genetic_algorithm - INFO - 第 60 代完成，当前最佳适应度: -1005000.00
2025-11-16 19:56:53,169 - genetic_algorithm - INFO - 第 61 代，新的最佳适应度: -1000000.00
2025-11-16 19:56:53,264 - genetic_algorithm - INFO - 第 62 代，新的最佳适应度: -995000.00
2025-11-16 19:56:53,405 - genetic_algorithm - INFO - 第 64 代，新的最佳适应度: -990000.00
2025-11-16 19:56:53,764 - genetic_algorithm - INFO - 第 69 代，新的最佳适应度: -985000.00
2025-11-16 19:56:53,890 - genetic_algorithm - INFO - 第 70 代，新的最佳适应度: -980000.00
2025-11-16 19:56:54,201 - genetic_algorithm - INFO - 第 75 代，新的最佳适应度: -970000.00
2025-11-16 19:56:54,511 - genetic_algorithm - INFO - 第 80 代，新的最佳适应度: -965000.00
2025-11-16 19:56:54,521 - genetic_algorithm - INFO - 第 80 代完成，当前最佳适应度: -965000.00
2025-11-16 19:56:54,941 - genetic_algorithm - INFO - 第 87 代，新的最佳适应度: -960000.00
2025-11-16 19:56:55,303 - genetic_algorithm - INFO - 第 92 代，新的最佳适应度: -955000.00
2025-11-16 19:56:55,824 - genetic_algorithm - INFO - 第 100 代完成，当前最佳适应度: -955000.00
2025-11-16 19:56:57,037 - genetic_algorithm - INFO - 第 120 代，新的最佳适应度: -945000.00
2025-11-16 19:56:57,047 - genetic_algorithm - INFO - 第 120 代完成，当前最佳适应度: -945000.00
2025-11-16 19:56:57,489 - genetic_algorithm - INFO - 第 127 代，新的最佳适应度: -935000.00
2025-11-16 19:56:58,338 - genetic_algorithm - INFO - 第 140 代完成，当前最佳适应度: -935000.00
2025-11-16 19:56:59,670 - genetic_algorithm - INFO - 第 160 代完成，当前最佳适应度: -935000.00
2025-11-16 19:57:00,901 - genetic_algorithm - INFO - 算法停滞 50 代，提前结束
2025-11-16 19:57:00,961 - genetic_algorithm - INFO - 进化完成，最终最佳适应度: -935000.00
2025-11-16 19:57:00,961 - __main__ - INFO - 保存排课结果
2025-11-16 19:57:00,962 - db_connector - INFO - 开始保存排课结果，版本ID: 1
2025-11-16 19:57:00,975 - db_connector - INFO - 批量插入 153 条记录成功
2025-11-16 19:57:00,976 - db_connector - INFO - 成功保存 153 条排课结果
2025-11-16 19:57:00,976 - __main__ - INFO - 生成排课统计报告
2025-11-16 19:57:00,976 - __main__ - INFO - 排课覆盖率: 100.0% (153/153)
2025-11-16 19:57:00,977 - __main__ - WARNING - 发现班级冲突: 9 处
2025-11-16 19:57:00,977 - __main__ - INFO - 教室平均利用率: 73.8%
2025-11-16 19:57:00,977 - __main__ - WARNING - 发现 28 间教室利用率过低(<50%)
2025-11-16 19:57:00,977 - __main__ - INFO - 排课完成，总耗时: 43.54 秒
2025-11-16 19:57:00,978 - __main__ - INFO - 排课任务完成成功！
2025-11-16 19:57:00,978 - db_connector - INFO - 数据库连接已关闭
2025-11-16 20:17:52,976 - __main__ - INFO - ============================================================
2025-11-16 20:17:52,976 - __main__ - INFO - 智能排课系统启动
2025-11-16 20:17:52,977 - __main__ - INFO - ============================================================
2025-11-16 20:17:52,977 - __main__ - INFO - 版本ID: 1
2025-11-16 20:17:52,977 - __main__ - INFO - 遗传算法配置: {'population_size': 150, 'generations': 300, 'crossover_rate': 0.8, 'mutation_rate': 0.1, 'tournament_size': 5, 'elitism_size': 10, 'max_stagnation': 50}
2025-11-16 20:17:52,977 - __main__ - INFO - 连接数据库: localhost:paike2
2025-11-16 20:17:53,010 - db_connector - INFO - 数据库连接成功
2025-11-16 20:17:53,011 - __main__ - INFO - 验证版本成功: 测试版本1 (2025-2026-1)
2025-11-16 20:17:53,012 - __main__ - INFO - 开始加载学期 2025-2026-1 的数据
2025-11-16 20:17:53,012 - db_connector - INFO - 开始加载学期 2025-2026-1 的排课数据
2025-11-16 20:17:53,042 - db_connector - ERROR - 查询执行失败: 
            SELECT tr.task_id, tr.related_task_id, tr.relation_type, 
                   tr.time_gap, tr.same_day, tr.description
            FROM task_relations tr
            JOIN teaching_tasks tt ON tr.task_id = tt.task_id
            JOIN course_offerings co ON tt.offering_id = co.offering_id
            WHERE co.semester = %s AND tr.is_active = 1
            , 错误: (1146, "Table 'paike2.task_relations' doesn't exist")
2025-11-16 20:17:53,043 - db_connector - WARNING - 无法加载任务关系约束: (1146, "Table 'paike2.task_relations' doesn't exist")
2025-11-16 20:17:53,044 - db_connector - INFO - 开始填充教学任务详细信息
2025-11-16 20:17:53,053 - db_connector - INFO - 教学任务详细信息填充完成
2025-11-16 20:17:53,054 - db_connector - INFO - 所有数据加载完成
2025-11-16 20:17:53,054 - __main__ - INFO - 开始验证数据完整性
2025-11-16 20:17:53,054 - __main__ - INFO - 数据完整性检查通过
2025-11-16 20:17:53,054 - __main__ - INFO -   - 教学任务: 153 个
2025-11-16 20:17:53,055 - __main__ - INFO -   - 教师: 243 人
2025-11-16 20:17:53,055 - __main__ - INFO -   - 教室: 133 间
2025-11-16 20:17:53,055 - __main__ - INFO -   - 班级: 80 个
2025-11-16 20:17:53,055 - __main__ - INFO - 初始化遗传算法
2025-11-16 20:17:53,056 - genetic_algorithm - INFO - 开始预处理数据
2025-11-16 20:17:53,057 - genetic_algorithm - INFO - 任务优先级排序完成：长课程优先，必修课优先
2025-11-16 20:17:53,057 - genetic_algorithm - INFO - 预处理完成：153个任务，133个教室
2025-11-16 20:17:53,058 - __main__ - INFO - 开始运行遗传算法
2025-11-16 20:17:53,058 - genetic_algorithm - INFO - 开始遗传算法进化
2025-11-16 20:18:29,944 - genetic_algorithm - INFO - 第 0 代，新的最佳适应度: -1165000.00
2025-11-16 20:18:29,956 - genetic_algorithm - INFO - 第 0 代完成，当前最佳适应度: -1165000.00
2025-11-16 20:18:30,012 - genetic_algorithm - INFO - 第 1 代，新的最佳适应度: -1140000.00
2025-11-16 20:18:30,101 - genetic_algorithm - INFO - 第 2 代，新的最佳适应度: -1130000.00
2025-11-16 20:18:30,182 - genetic_algorithm - INFO - 第 3 代，新的最佳适应度: -1115000.00
2025-11-16 20:18:30,281 - genetic_algorithm - INFO - 第 4 代，新的最佳适应度: -1110000.00
2025-11-16 20:18:30,349 - genetic_algorithm - INFO - 第 5 代，新的最佳适应度: -1105000.00
2025-11-16 20:18:30,437 - genetic_algorithm - INFO - 第 6 代，新的最佳适应度: -1090000.00
2025-11-16 20:18:30,558 - genetic_algorithm - INFO - 第 7 代，新的最佳适应度: -1085000.00
2025-11-16 20:18:30,627 - genetic_algorithm - INFO - 第 8 代，新的最佳适应度: -1065000.00
2025-11-16 20:18:30,705 - genetic_algorithm - INFO - 第 9 代，新的最佳适应度: -1050000.00
2025-11-16 20:18:30,892 - genetic_algorithm - INFO - 第 12 代，新的最佳适应度: -1045000.00
2025-11-16 20:18:31,037 - genetic_algorithm - INFO - 第 14 代，新的最佳适应度: -1040000.00
2025-11-16 20:18:31,101 - genetic_algorithm - INFO - 第 15 代，新的最佳适应度: -1035000.00
2025-11-16 20:18:31,226 - genetic_algorithm - INFO - 第 17 代，新的最佳适应度: -1030000.00
2025-11-16 20:18:31,289 - genetic_algorithm - INFO - 第 18 代，新的最佳适应度: -1025000.00
2025-11-16 20:18:31,444 - genetic_algorithm - INFO - 第 20 代完成，当前最佳适应度: -1025000.00
2025-11-16 20:18:31,575 - genetic_algorithm - INFO - 第 22 代，新的最佳适应度: -1015000.00
2025-11-16 20:18:31,647 - genetic_algorithm - INFO - 第 23 代，新的最佳适应度: -1010000.00
2025-11-16 20:18:31,901 - genetic_algorithm - INFO - 第 26 代，新的最佳适应度: -1005000.00
2025-11-16 20:18:32,345 - genetic_algorithm - INFO - 第 32 代，新的最佳适应度: -995000.00
2025-11-16 20:18:32,474 - genetic_algorithm - INFO - 第 34 代，新的最佳适应度: -990000.00
2025-11-16 20:18:32,792 - genetic_algorithm - INFO - 第 39 代，新的最佳适应度: -985000.00
2025-11-16 20:18:32,871 - genetic_algorithm - INFO - 第 40 代完成，当前最佳适应度: -985000.00
2025-11-16 20:18:33,884 - genetic_algorithm - INFO - 第 56 代，新的最佳适应度: -980000.00
2025-11-16 20:18:33,960 - genetic_algorithm - INFO - 第 57 代，新的最佳适应度: -975000.00
2025-11-16 20:18:34,072 - genetic_algorithm - INFO - 第 58 代，新的最佳适应度: -970000.00
2025-11-16 20:18:34,307 - genetic_algorithm - INFO - 第 60 代，新的最佳适应度: -965000.00
2025-11-16 20:18:34,328 - genetic_algorithm - INFO - 第 60 代完成，当前最佳适应度: -965000.00
2025-11-16 20:18:35,631 - genetic_algorithm - INFO - 第 79 代，新的最佳适应度: -955000.00
2025-11-16 20:18:35,726 - genetic_algorithm - INFO - 第 80 代完成，当前最佳适应度: -955000.00
2025-11-16 20:18:36,413 - genetic_algorithm - INFO - 第 89 代，新的最佳适应度: -950000.00
2025-11-16 20:18:36,476 - genetic_algorithm - INFO - 第 90 代，新的最佳适应度: -945000.00
2025-11-16 20:18:37,141 - genetic_algorithm - INFO - 第 100 代完成，当前最佳适应度: -945000.00
2025-11-16 20:18:38,458 - genetic_algorithm - INFO - 第 120 代完成，当前最佳适应度: -945000.00
2025-11-16 20:18:39,782 - genetic_algorithm - INFO - 算法停滞 50 代，提前结束
2025-11-16 20:18:39,848 - genetic_algorithm - INFO - 进化完成，最终最佳适应度: -945000.00
2025-11-16 20:18:39,849 - __main__ - INFO - 保存排课结果
2025-11-16 20:18:39,849 - db_connector - INFO - 开始保存排课结果，版本ID: 1
2025-11-16 20:18:39,860 - db_connector - INFO - 批量插入 153 条记录成功
2025-11-16 20:18:39,861 - db_connector - INFO - 成功保存 153 条排课结果
2025-11-16 20:18:39,861 - __main__ - INFO - 生成排课统计报告
2025-11-16 20:18:39,862 - __main__ - INFO - 排课覆盖率: 100.0% (153/153)
2025-11-16 20:18:39,862 - __main__ - WARNING - 发现班级冲突: 12 处
2025-11-16 20:18:39,863 - __main__ - INFO - 教室平均利用率: 71.0%
2025-11-16 20:18:39,863 - __main__ - WARNING - 发现 36 间教室利用率过低(<50%)
2025-11-16 20:18:39,864 - __main__ - INFO - 排课完成，总耗时: 46.85 秒
2025-11-16 20:18:39,864 - __main__ - INFO - 排课任务完成成功！
2025-11-16 20:18:39,865 - db_connector - INFO - 数据库连接已关闭
2025-11-16 20:28:03,219 - __main__ - INFO - ============================================================
2025-11-16 20:28:03,219 - __main__ - INFO - 智能排课系统启动
2025-11-16 20:28:03,219 - __main__ - INFO - ============================================================
2025-11-16 20:28:03,220 - __main__ - INFO - 版本ID: 1
2025-11-16 20:28:03,220 - __main__ - INFO - 遗传算法配置: {'population_size': 150, 'generations': 300, 'crossover_rate': 0.8, 'mutation_rate': 0.1, 'tournament_size': 5, 'elitism_size': 10, 'max_stagnation': 50}
2025-11-16 20:28:03,220 - __main__ - INFO - 连接数据库: localhost:paike2
2025-11-16 20:28:03,255 - db_connector - INFO - 数据库连接成功
2025-11-16 20:28:03,256 - __main__ - INFO - 验证版本成功: 测试版本1 (2025-2026-1)
2025-11-16 20:28:03,257 - __main__ - INFO - 开始加载学期 2025-2026-1 的数据
2025-11-16 20:28:03,257 - db_connector - INFO - 开始加载学期 2025-2026-1 的排课数据
2025-11-16 20:28:03,281 - db_connector - ERROR - 查询执行失败: 
            SELECT tr.task_id, tr.related_task_id, tr.relation_type, 
                   tr.time_gap, tr.same_day, tr.description
            FROM task_relations tr
            JOIN teaching_tasks tt ON tr.task_id = tt.task_id
            JOIN course_offerings co ON tt.offering_id = co.offering_id
            WHERE co.semester = %s AND tr.is_active = 1
            , 错误: (1146, "Table 'paike2.task_relations' doesn't exist")
2025-11-16 20:28:03,281 - db_connector - WARNING - 无法加载任务关系约束: (1146, "Table 'paike2.task_relations' doesn't exist")
2025-11-16 20:28:03,281 - db_connector - INFO - 开始填充教学任务详细信息
2025-11-16 20:28:03,288 - db_connector - INFO - 教学任务详细信息填充完成
2025-11-16 20:28:03,289 - db_connector - INFO - 所有数据加载完成
2025-11-16 20:28:03,289 - __main__ - INFO - 开始验证数据完整性
2025-11-16 20:28:03,289 - __main__ - INFO - 数据完整性检查通过
2025-11-16 20:28:03,289 - __main__ - INFO -   - 教学任务: 153 个
2025-11-16 20:28:03,290 - __main__ - INFO -   - 教师: 243 人
2025-11-16 20:28:03,290 - __main__ - INFO -   - 教室: 133 间
2025-11-16 20:28:03,290 - __main__ - INFO -   - 班级: 80 个
2025-11-16 20:28:03,290 - __main__ - INFO - 初始化遗传算法
2025-11-16 20:28:03,290 - genetic_algorithm - INFO - 开始预处理数据
2025-11-16 20:28:03,291 - genetic_algorithm - INFO - 任务优先级排序完成：长课程优先，必修课优先
2025-11-16 20:28:03,292 - genetic_algorithm - INFO - 预处理完成：153个任务，133个教室
2025-11-16 20:28:03,292 - __main__ - INFO - 开始运行遗传算法
2025-11-16 20:28:03,292 - genetic_algorithm - INFO - 开始遗传算法进化
2025-11-16 20:28:33,843 - genetic_algorithm - INFO - 第 0 代，新的最佳适应度: -1175000.00
2025-11-16 20:28:33,853 - genetic_algorithm - INFO - 第 0 代完成，当前最佳适应度: -1175000.00
2025-11-16 20:28:33,933 - genetic_algorithm - INFO - 第 1 代，新的最佳适应度: -1165000.00
2025-11-16 20:28:34,021 - genetic_algorithm - INFO - 第 2 代，新的最佳适应度: -1140000.00
2025-11-16 20:28:34,126 - genetic_algorithm - INFO - 第 3 代，新的最佳适应度: -1125000.00
2025-11-16 20:28:34,238 - genetic_algorithm - INFO - 第 4 代，新的最佳适应度: -1115000.00
2025-11-16 20:28:34,323 - genetic_algorithm - INFO - 第 5 代，新的最佳适应度: -1100000.00
2025-11-16 20:28:34,534 - genetic_algorithm - INFO - 第 7 代，新的最佳适应度: -1090000.00
2025-11-16 20:28:34,646 - genetic_algorithm - INFO - 第 8 代，新的最佳适应度: -1085000.00
2025-11-16 20:28:34,738 - genetic_algorithm - INFO - 第 9 代，新的最佳适应度: -1075000.00
2025-11-16 20:28:34,895 - genetic_algorithm - INFO - 第 11 代，新的最佳适应度: -1070000.00
2025-11-16 20:28:35,017 - genetic_algorithm - INFO - 第 12 代，新的最佳适应度: -1065000.00
2025-11-16 20:28:35,097 - genetic_algorithm - INFO - 第 13 代，新的最佳适应度: -1055000.00
2025-11-16 20:28:35,265 - genetic_algorithm - INFO - 第 15 代，新的最佳适应度: -1045000.00
2025-11-16 20:28:35,441 - genetic_algorithm - INFO - 第 17 代，新的最佳适应度: -1040000.00
2025-11-16 20:28:35,627 - genetic_algorithm - INFO - 第 19 代，新的最佳适应度: -1035000.00
2025-11-16 20:28:35,711 - genetic_algorithm - INFO - 第 20 代，新的最佳适应度: -1030000.00
2025-11-16 20:28:35,721 - genetic_algorithm - INFO - 第 20 代完成，当前最佳适应度: -1030000.00
2025-11-16 20:28:35,922 - genetic_algorithm - INFO - 第 22 代，新的最佳适应度: -1025000.00
2025-11-16 20:28:36,051 - genetic_algorithm - INFO - 第 23 代，新的最佳适应度: -1020000.00
2025-11-16 20:28:36,252 - genetic_algorithm - INFO - 第 25 代，新的最佳适应度: -1015000.00
2025-11-16 20:28:36,343 - genetic_algorithm - INFO - 第 26 代，新的最佳适应度: -1010000.00
2025-11-16 20:28:36,993 - genetic_algorithm - INFO - 第 33 代，新的最佳适应度: -1005000.00
2025-11-16 20:28:37,579 - genetic_algorithm - INFO - 第 39 代，新的最佳适应度: -995000.00
2025-11-16 20:28:37,681 - genetic_algorithm - INFO - 第 40 代完成，当前最佳适应度: -995000.00
2025-11-16 20:28:38,035 - genetic_algorithm - INFO - 第 44 代，新的最佳适应度: -990000.00
2025-11-16 20:28:38,727 - genetic_algorithm - INFO - 第 51 代，新的最佳适应度: -980000.00
2025-11-16 20:28:39,284 - genetic_algorithm - INFO - 第 58 代，新的最佳适应度: -970000.00
2025-11-16 20:28:39,506 - genetic_algorithm - INFO - 第 60 代完成，当前最佳适应度: -970000.00
2025-11-16 20:28:40,073 - genetic_algorithm - INFO - 第 66 代，新的最佳适应度: -965000.00
2025-11-16 20:28:40,154 - genetic_algorithm - INFO - 第 67 代，新的最佳适应度: -960000.00
2025-11-16 20:28:40,327 - genetic_algorithm - INFO - 第 69 代，新的最佳适应度: -955000.00
2025-11-16 20:28:40,911 - genetic_algorithm - INFO - 第 76 代，新的最佳适应度: -950000.00
2025-11-16 20:28:41,278 - genetic_algorithm - INFO - 第 80 代完成，当前最佳适应度: -950000.00
2025-11-16 20:28:41,458 - genetic_algorithm - INFO - 第 82 代，新的最佳适应度: -940000.00
2025-11-16 20:28:43,043 - genetic_algorithm - INFO - 第 100 代完成，当前最佳适应度: -940000.00
2025-11-16 20:28:44,811 - genetic_algorithm - INFO - 第 120 代完成，当前最佳适应度: -940000.00
2025-11-16 20:28:45,837 - genetic_algorithm - INFO - 算法停滞 50 代，提前结束
2025-11-16 20:28:45,914 - genetic_algorithm - INFO - 进化完成，最终最佳适应度: -940000.00
2025-11-16 20:28:45,914 - __main__ - INFO - 保存排课结果
2025-11-16 20:28:45,915 - db_connector - INFO - 开始保存排课结果，版本ID: 1
2025-11-16 20:28:45,928 - db_connector - INFO - 批量插入 153 条记录成功
2025-11-16 20:28:45,928 - db_connector - INFO - 成功保存 153 条排课结果
2025-11-16 20:28:45,928 - __main__ - INFO - 生成排课统计报告
2025-11-16 20:28:45,928 - __main__ - INFO - 排课覆盖率: 100.0% (153/153)
2025-11-16 20:28:45,929 - __main__ - WARNING - 发现班级冲突: 11 处
2025-11-16 20:28:45,929 - __main__ - INFO - 教室平均利用率: 83.5%
2025-11-16 20:28:45,929 - __main__ - WARNING - 发现 31 间教室利用率过低(<50%)
2025-11-16 20:28:45,929 - __main__ - INFO - 排课完成，总耗时: 42.67 秒
2025-11-16 20:28:45,929 - __main__ - INFO - 排课任务完成成功！
2025-11-16 20:28:45,931 - db_connector - INFO - 数据库连接已关闭
2025-11-21 16:37:28,651 - __main__ - INFO - ============================================================
2025-11-21 16:37:28,651 - __main__ - INFO - 智能排课系统启动
2025-11-21 16:37:28,651 - __main__ - INFO - ============================================================
2025-11-21 16:37:28,652 - __main__ - INFO - 版本ID: 1
2025-11-21 16:37:28,652 - __main__ - INFO - 遗传算法配置: {'population_size': 150, 'generations': 300, 'crossover_rate': 0.8, 'mutation_rate': 0.1, 'tournament_size': 5, 'elitism_size': 10, 'max_stagnation': 50}
2025-11-21 16:37:28,652 - __main__ - INFO - 连接数据库: localhost:paike2
2025-11-21 16:37:28,663 - db_connector - INFO - 数据库连接成功
2025-11-21 16:37:28,663 - __main__ - INFO - 验证版本成功: 测试版本1 (2025-2026-1)
2025-11-21 16:37:28,664 - __main__ - INFO - 开始加载学期 2025-2026-1 的数据
2025-11-21 16:37:28,664 - db_connector - INFO - 开始加载学期 2025-2026-1 的排课数据
2025-11-21 16:37:28,676 - db_connector - ERROR - 查询执行失败: 
            SELECT tr.task_id, tr.related_task_id, tr.relation_type, 
                   tr.time_gap, tr.same_day, tr.description
            FROM task_relations tr
            JOIN teaching_tasks tt ON tr.task_id = tt.task_id
            JOIN course_offerings co ON tt.offering_id = co.offering_id
            WHERE co.semester = %s AND tr.is_active = 1
            , 错误: (1146, "Table 'paike2.task_relations' doesn't exist")
2025-11-21 16:37:28,676 - db_connector - WARNING - 无法加载任务关系约束: (1146, "Table 'paike2.task_relations' doesn't exist")
2025-11-21 16:37:28,676 - db_connector - INFO - 开始填充教学任务详细信息
2025-11-21 16:37:28,680 - db_connector - INFO - 教学任务详细信息填充完成
2025-11-21 16:37:28,680 - db_connector - INFO - 所有数据加载完成
2025-11-21 16:37:28,680 - __main__ - INFO - 开始验证数据完整性
2025-11-21 16:37:28,680 - __main__ - INFO - 数据完整性检查通过
2025-11-21 16:37:28,680 - __main__ - INFO -   - 教学任务: 153 个
2025-11-21 16:37:28,680 - __main__ - INFO -   - 教师: 243 人
2025-11-21 16:37:28,680 - __main__ - INFO -   - 教室: 133 间
2025-11-21 16:37:28,680 - __main__ - INFO -   - 班级: 80 个
2025-11-21 16:37:28,680 - __main__ - INFO - 初始化遗传算法
2025-11-21 16:37:28,681 - genetic_algorithm - INFO - 开始预处理数据
2025-11-21 16:37:28,681 - genetic_algorithm - INFO - 任务优先级排序完成：长课程优先，必修课优先
2025-11-21 16:37:28,681 - genetic_algorithm - INFO - 预处理完成：153个任务，133个教室
2025-11-21 16:37:28,681 - __main__ - INFO - 开始运行遗传算法
2025-11-21 16:37:28,681 - genetic_algorithm - INFO - 开始遗传算法进化
2025-11-21 16:37:46,890 - genetic_algorithm - INFO - 第 0 代，新的最佳适应度: -1170000.00
2025-11-21 16:37:46,898 - genetic_algorithm - INFO - 第 0 代完成，当前最佳适应度: -1170000.00
2025-11-21 16:37:46,937 - genetic_algorithm - INFO - 第 1 代，新的最佳适应度: -1140000.00
2025-11-21 16:37:46,981 - genetic_algorithm - INFO - 第 2 代，新的最佳适应度: -1130000.00
2025-11-21 16:37:47,028 - genetic_algorithm - INFO - 第 3 代，新的最佳适应度: -1115000.00
2025-11-21 16:37:47,072 - genetic_algorithm - INFO - 第 4 代，新的最佳适应度: -1095000.00
2025-11-21 16:37:47,122 - genetic_algorithm - INFO - 第 5 代，新的最佳适应度: -1085000.00
2025-11-21 16:37:47,166 - genetic_algorithm - INFO - 第 6 代，新的最佳适应度: -1065000.00
2025-11-21 16:37:47,212 - genetic_algorithm - INFO - 第 7 代，新的最佳适应度: -1060000.00
2025-11-21 16:37:47,264 - genetic_algorithm - INFO - 第 8 代，新的最佳适应度: -1045000.00
2025-11-21 16:37:47,356 - genetic_algorithm - INFO - 第 10 代，新的最佳适应度: -1040000.00
2025-11-21 16:37:47,401 - genetic_algorithm - INFO - 第 11 代，新的最佳适应度: -1035000.00
2025-11-21 16:37:47,448 - genetic_algorithm - INFO - 第 12 代，新的最佳适应度: -1030000.00
2025-11-21 16:37:47,541 - genetic_algorithm - INFO - 第 14 代，新的最佳适应度: -1025000.00
2025-11-21 16:37:47,635 - genetic_algorithm - INFO - 第 16 代，新的最佳适应度: -1020000.00
2025-11-21 16:37:47,825 - genetic_algorithm - INFO - 第 20 代完成，当前最佳适应度: -1020000.00
2025-11-21 16:37:48,713 - genetic_algorithm - INFO - 第 39 代，新的最佳适应度: -1015000.00
2025-11-21 16:37:48,762 - genetic_algorithm - INFO - 第 40 代完成，当前最佳适应度: -1015000.00
2025-11-21 16:37:48,939 - genetic_algorithm - INFO - 第 44 代，新的最佳适应度: -1010000.00
2025-11-21 16:37:49,030 - genetic_algorithm - INFO - 第 46 代，新的最佳适应度: -1005000.00
2025-11-21 16:37:49,073 - genetic_algorithm - INFO - 第 47 代，新的最佳适应度: -1000000.00
2025-11-21 16:37:49,484 - genetic_algorithm - INFO - 第 56 代，新的最佳适应度: -990000.00
2025-11-21 16:37:49,675 - genetic_algorithm - INFO - 第 60 代完成，当前最佳适应度: -990000.00
2025-11-21 16:37:49,806 - genetic_algorithm - INFO - 第 63 代，新的最佳适应度: -980000.00
2025-11-21 16:37:50,588 - genetic_algorithm - INFO - 第 80 代，新的最佳适应度: -970000.00
2025-11-21 16:37:50,594 - genetic_algorithm - INFO - 第 80 代完成，当前最佳适应度: -970000.00
2025-11-21 16:37:50,996 - genetic_algorithm - INFO - 第 89 代，新的最佳适应度: -965000.00
2025-11-21 16:37:51,183 - genetic_algorithm - INFO - 第 93 代，新的最佳适应度: -960000.00
2025-11-21 16:37:51,369 - genetic_algorithm - INFO - 第 97 代，新的最佳适应度: -950000.00
2025-11-21 16:37:51,521 - genetic_algorithm - INFO - 第 100 代完成，当前最佳适应度: -950000.00
2025-11-21 16:37:51,927 - genetic_algorithm - INFO - 第 109 代，新的最佳适应度: -945000.00
2025-11-21 16:37:52,423 - genetic_algorithm - INFO - 第 120 代，新的最佳适应度: -940000.00
2025-11-21 16:37:52,433 - genetic_algorithm - INFO - 第 120 代完成，当前最佳适应度: -940000.00
2025-11-21 16:37:53,359 - genetic_algorithm - INFO - 第 140 代完成，当前最佳适应度: -940000.00
2025-11-21 16:37:54,283 - genetic_algorithm - INFO - 第 160 代完成，当前最佳适应度: -940000.00
2025-11-21 16:37:54,726 - genetic_algorithm - INFO - 算法停滞 50 代，提前结束
2025-11-21 16:37:54,764 - genetic_algorithm - INFO - 进化完成，最终最佳适应度: -940000.00
2025-11-21 16:37:54,765 - __main__ - INFO - 保存排课结果
2025-11-21 16:37:54,765 - db_connector - INFO - 开始保存排课结果，版本ID: 1
2025-11-21 16:37:54,773 - db_connector - INFO - 批量插入 153 条记录成功
2025-11-21 16:37:54,773 - db_connector - INFO - 成功保存 153 条排课结果
2025-11-21 16:37:54,773 - __main__ - INFO - 生成排课统计报告
2025-11-21 16:37:54,773 - __main__ - INFO - 排课覆盖率: 100.0% (153/153)
2025-11-21 16:37:54,773 - __main__ - WARNING - 发现班级冲突: 12 处
2025-11-21 16:37:54,774 - __main__ - INFO - 教室平均利用率: 66.5%
2025-11-21 16:37:54,774 - __main__ - WARNING - 发现 35 间教室利用率过低(<50%)
2025-11-21 16:37:54,774 - __main__ - INFO - 排课完成，总耗时: 26.11 秒
2025-11-21 16:37:54,774 - __main__ - INFO - 排课任务完成成功！
2025-11-21 16:37:54,774 - db_connector - INFO - 数据库连接已关闭
2025-11-21 16:51:21,344 - __main__ - INFO - ============================================================
2025-11-21 16:51:21,344 - __main__ - INFO - 智能排课系统启动
2025-11-21 16:51:21,344 - __main__ - INFO - ============================================================
2025-11-21 16:51:21,344 - __main__ - INFO - 版本ID: 1
2025-11-21 16:51:21,344 - __main__ - INFO - 遗传算法配置: {'population_size': 150, 'generations': 300, 'crossover_rate': 0.8, 'mutation_rate': 0.1, 'tournament_size': 5, 'elitism_size': 10, 'max_stagnation': 50}
2025-11-21 16:51:21,344 - __main__ - INFO - 连接数据库: localhost:paike2
2025-11-21 16:51:21,354 - db_connector - INFO - 数据库连接成功
2025-11-21 16:51:21,354 - __main__ - INFO - 验证版本成功: 测试版本1 (2025-2026-1)
2025-11-21 16:51:21,355 - __main__ - INFO - 开始加载学期 2025-2026-1 的数据
2025-11-21 16:51:21,355 - db_connector - INFO - 开始加载学期 2025-2026-1 的排课数据
2025-11-21 16:51:21,366 - db_connector - ERROR - 查询执行失败: 
            SELECT tr.task_id, tr.related_task_id, tr.relation_type, 
                   tr.time_gap, tr.same_day, tr.description
            FROM task_relation_constraints tr
            JOIN teaching_tasks tt ON tr.task_id = tt.task_id
            JOIN course_offerings co ON tt.offering_id = co.offering_id
            WHERE co.semester = %s AND tr.is_active = 1
            , 错误: (1054, "Unknown column 'tr.task_id' in 'field list'")
2025-11-21 16:51:21,366 - db_connector - WARNING - 无法加载任务关系约束: (1054, "Unknown column 'tr.task_id' in 'field list'")
2025-11-21 16:51:21,367 - db_connector - INFO - 开始填充教学任务详细信息
2025-11-21 16:51:21,370 - db_connector - INFO - 教学任务详细信息填充完成
2025-11-21 16:51:21,370 - db_connector - INFO - 所有数据加载完成
2025-11-21 16:51:21,370 - __main__ - INFO - 开始验证数据完整性
2025-11-21 16:51:21,370 - __main__ - INFO - 数据完整性检查通过
2025-11-21 16:51:21,370 - __main__ - INFO -   - 教学任务: 153 个
2025-11-21 16:51:21,370 - __main__ - INFO -   - 教师: 243 人
2025-11-21 16:51:21,371 - __main__ - INFO -   - 教室: 133 间
2025-11-21 16:51:21,371 - __main__ - INFO -   - 班级: 80 个
2025-11-21 16:51:21,371 - __main__ - INFO - 初始化遗传算法
2025-11-21 16:51:21,371 - genetic_algorithm - INFO - 开始预处理数据
2025-11-21 16:51:21,371 - genetic_algorithm - INFO - 任务优先级排序完成：长课程优先，必修课优先
2025-11-21 16:51:21,371 - genetic_algorithm - INFO - 预处理完成：153个任务，133个教室
2025-11-21 16:51:21,371 - __main__ - INFO - 开始运行遗传算法
2025-11-21 16:51:21,371 - genetic_algorithm - INFO - 开始遗传算法进化
2025-11-21 16:51:40,188 - genetic_algorithm - INFO - 第 0 代，新的最佳适应度: -1120000.00
2025-11-21 16:51:40,195 - genetic_algorithm - INFO - 第 0 代完成，当前最佳适应度: -1120000.00
2025-11-21 16:51:40,236 - genetic_algorithm - INFO - 第 1 代，新的最佳适应度: -1115000.00
2025-11-21 16:51:40,286 - genetic_algorithm - INFO - 第 2 代，新的最佳适应度: -1095000.00
2025-11-21 16:51:40,332 - genetic_algorithm - INFO - 第 3 代，新的最佳适应度: -1090000.00
2025-11-21 16:51:40,424 - genetic_algorithm - INFO - 第 5 代，新的最佳适应度: -1080000.00
2025-11-21 16:51:40,474 - genetic_algorithm - INFO - 第 6 代，新的最佳适应度: -1065000.00
2025-11-21 16:51:40,522 - genetic_algorithm - INFO - 第 7 代，新的最佳适应度: -1055000.00
2025-11-21 16:51:40,568 - genetic_algorithm - INFO - 第 8 代，新的最佳适应度: -1050000.00
2025-11-21 16:51:40,615 - genetic_algorithm - INFO - 第 9 代，新的最佳适应度: -1045000.00
2025-11-21 16:51:40,662 - genetic_algorithm - INFO - 第 10 代，新的最佳适应度: -1040000.00
2025-11-21 16:51:40,757 - genetic_algorithm - INFO - 第 12 代，新的最佳适应度: -1030000.00
2025-11-21 16:51:40,893 - genetic_algorithm - INFO - 第 15 代，新的最佳适应度: -1025000.00
2025-11-21 16:51:40,991 - genetic_algorithm - INFO - 第 17 代，新的最佳适应度: -1020000.00
2025-11-21 16:51:41,086 - genetic_algorithm - INFO - 第 19 代，新的最佳适应度: -1015000.00
2025-11-21 16:51:41,136 - genetic_algorithm - INFO - 第 20 代完成，当前最佳适应度: -1015000.00
2025-11-21 16:51:41,270 - genetic_algorithm - INFO - 第 23 代，新的最佳适应度: -1010000.00
2025-11-21 16:51:41,365 - genetic_algorithm - INFO - 第 25 代，新的最佳适应度: -1000000.00
2025-11-21 16:51:41,560 - genetic_algorithm - INFO - 第 29 代，新的最佳适应度: -990000.00
2025-11-21 16:51:42,089 - genetic_algorithm - INFO - 第 40 代完成，当前最佳适应度: -990000.00
2025-11-21 16:51:42,461 - genetic_algorithm - INFO - 第 48 代，新的最佳适应度: -985000.00
2025-11-21 16:51:42,743 - genetic_algorithm - INFO - 第 54 代，新的最佳适应度: -980000.00
2025-11-21 16:51:42,885 - genetic_algorithm - INFO - 第 57 代，新的最佳适应度: -965000.00
2025-11-21 16:51:43,028 - genetic_algorithm - INFO - 第 60 代完成，当前最佳适应度: -965000.00
2025-11-21 16:51:43,270 - genetic_algorithm - INFO - 第 65 代，新的最佳适应度: -960000.00
2025-11-21 16:51:43,595 - genetic_algorithm - INFO - 第 72 代，新的最佳适应度: -950000.00
2025-11-21 16:51:43,971 - genetic_algorithm - INFO - 第 80 代完成，当前最佳适应度: -950000.00
2025-11-21 16:51:44,156 - genetic_algorithm - INFO - 第 84 代，新的最佳适应度: -945000.00
2025-11-21 16:51:44,393 - genetic_algorithm - INFO - 第 89 代，新的最佳适应度: -940000.00
2025-11-21 16:51:44,911 - genetic_algorithm - INFO - 第 100 代完成，当前最佳适应度: -940000.00
2025-11-21 16:51:45,241 - genetic_algorithm - INFO - 第 107 代，新的最佳适应度: -935000.00
2025-11-21 16:51:45,573 - genetic_algorithm - INFO - 第 114 代，新的最佳适应度: -925000.00
2025-11-21 16:51:45,865 - genetic_algorithm - INFO - 第 120 代完成，当前最佳适应度: -925000.00
2025-11-21 16:51:46,799 - genetic_algorithm - INFO - 第 140 代完成，当前最佳适应度: -925000.00
2025-11-21 16:51:47,432 - genetic_algorithm - INFO - 第 154 代，新的最佳适应度: -920000.00
2025-11-21 16:51:47,710 - genetic_algorithm - INFO - 第 160 代完成，当前最佳适应度: -920000.00
2025-11-21 16:51:48,654 - genetic_algorithm - INFO - 第 180 代完成，当前最佳适应度: -920000.00
2025-11-21 16:51:48,692 - genetic_algorithm - INFO - 第 181 代，新的最佳适应度: -910000.00
2025-11-21 16:51:49,249 - genetic_algorithm - INFO - 第 193 代，新的最佳适应度: -900000.00
2025-11-21 16:51:49,580 - genetic_algorithm - INFO - 第 200 代完成，当前最佳适应度: -900000.00
2025-11-21 16:51:50,371 - genetic_algorithm - INFO - 第 217 代，新的最佳适应度: -895000.00
2025-11-21 16:51:50,466 - genetic_algorithm - INFO - 第 219 代，新的最佳适应度: -890000.00
2025-11-21 16:51:50,519 - genetic_algorithm - INFO - 第 220 代完成，当前最佳适应度: -890000.00
2025-11-21 16:51:50,834 - genetic_algorithm - INFO - 第 227 代，新的最佳适应度: -885000.00
2025-11-21 16:51:51,445 - genetic_algorithm - INFO - 第 240 代完成，当前最佳适应度: -885000.00
2025-11-21 16:51:51,486 - genetic_algorithm - INFO - 第 241 代，新的最佳适应度: -880000.00
2025-11-21 16:51:52,358 - genetic_algorithm - INFO - 第 260 代完成，当前最佳适应度: -880000.00
2025-11-21 16:51:53,279 - genetic_algorithm - INFO - 第 280 代完成，当前最佳适应度: -880000.00
2025-11-21 16:51:53,785 - genetic_algorithm - INFO - 算法停滞 50 代，提前结束
2025-11-21 16:51:53,827 - genetic_algorithm - INFO - 进化完成，最终最佳适应度: -880000.00
2025-11-21 16:51:53,827 - __main__ - INFO - 保存排课结果
2025-11-21 16:51:53,828 - db_connector - INFO - 开始保存排课结果，版本ID: 1
2025-11-21 16:51:53,835 - db_connector - INFO - 批量插入 153 条记录成功
2025-11-21 16:51:53,835 - db_connector - INFO - 成功保存 153 条排课结果
2025-11-21 16:51:53,835 - __main__ - INFO - 生成排课统计报告
2025-11-21 16:51:53,835 - __main__ - INFO - 排课覆盖率: 100.0% (153/153)
2025-11-21 16:51:53,836 - __main__ - WARNING - 发现班级冲突: 6 处
2025-11-21 16:51:53,836 - __main__ - INFO - 教室平均利用率: 65.5%
2025-11-21 16:51:53,836 - __main__ - WARNING - 发现 31 间教室利用率过低(<50%)
2025-11-21 16:51:53,836 - __main__ - INFO - 排课完成，总耗时: 32.48 秒
2025-11-21 16:51:53,837 - __main__ - INFO - 排课任务完成成功！
2025-11-21 16:51:53,837 - db_connector - INFO - 数据库连接已关闭
2025-11-21 17:25:22,928 - __main__ - INFO - ============================================================
2025-11-21 17:25:22,928 - __main__ - INFO - 智能排课系统启动
2025-11-21 17:25:22,928 - __main__ - INFO - ============================================================
2025-11-21 17:25:22,928 - __main__ - INFO - 版本ID: 1
2025-11-21 17:25:22,928 - __main__ - INFO - 遗传算法配置: {'population_size': 150, 'generations': 300, 'crossover_rate': 0.8, 'mutation_rate': 0.1, 'tournament_size': 5, 'elitism_size': 10, 'max_stagnation': 50}
2025-11-21 17:25:22,929 - __main__ - INFO - 连接数据库: localhost:paike2
2025-11-21 17:25:22,938 - db_connector - INFO - 数据库连接成功
2025-11-21 17:25:22,939 - __main__ - INFO - 验证版本成功: 测试版本1 (2025-2026-1)
2025-11-21 17:25:22,939 - __main__ - INFO - 开始加载学期 2025-2026-1 的数据
2025-11-21 17:25:22,940 - db_connector - INFO - 开始加载学期 2025-2026-1 的排课数据
2025-11-21 17:25:22,949 - db_connector - INFO - 开始填充教学任务详细信息
2025-11-21 17:25:22,953 - db_connector - INFO - 教学任务详细信息填充完成
2025-11-21 17:25:22,953 - db_connector - INFO - 所有数据加载完成
2025-11-21 17:25:22,953 - __main__ - INFO - 开始验证数据完整性
2025-11-21 17:25:22,954 - __main__ - INFO - 数据完整性检查通过
2025-11-21 17:25:22,954 - __main__ - INFO -   - 教学任务: 153 个
2025-11-21 17:25:22,954 - __main__ - INFO -   - 教师: 243 人
2025-11-21 17:25:22,954 - __main__ - INFO -   - 教室: 133 间
2025-11-21 17:25:22,954 - __main__ - INFO -   - 班级: 80 个
2025-11-21 17:25:22,954 - __main__ - INFO - 初始化遗传算法
2025-11-21 17:25:22,954 - genetic_algorithm - INFO - 开始预处理数据
2025-11-21 17:25:22,956 - genetic_algorithm - INFO - 任务优先级排序完成：长课程优先，必修课优先
2025-11-21 17:25:22,956 - genetic_algorithm - INFO - 预处理完成：153个任务，133个教室
2025-11-21 17:25:22,956 - __main__ - INFO - 开始运行遗传算法
2025-11-21 17:25:22,956 - genetic_algorithm - INFO - 开始遗传算法进化
2025-11-21 17:25:42,178 - genetic_algorithm - INFO - 第 0 代，新的最佳适应度: -1160000.00
2025-11-21 17:25:42,185 - genetic_algorithm - INFO - 第 0 代完成，当前最佳适应度: -1160000.00
2025-11-21 17:25:42,228 - genetic_algorithm - INFO - 第 1 代，新的最佳适应度: -1150000.00
2025-11-21 17:25:42,277 - genetic_algorithm - INFO - 第 2 代，新的最佳适应度: -1130000.00
2025-11-21 17:25:42,325 - genetic_algorithm - INFO - 第 3 代，新的最佳适应度: -1110000.00
2025-11-21 17:25:42,374 - genetic_algorithm - INFO - 第 4 代，新的最佳适应度: -1105000.00
2025-11-21 17:25:42,422 - genetic_algorithm - INFO - 第 5 代，新的最佳适应度: -1090000.00
2025-11-21 17:25:42,475 - genetic_algorithm - INFO - 第 6 代，新的最佳适应度: -1060000.00
2025-11-21 17:25:42,523 - genetic_algorithm - INFO - 第 7 代，新的最佳适应度: -1050000.00
2025-11-21 17:25:42,627 - genetic_algorithm - INFO - 第 9 代，新的最佳适应度: -1040000.00
2025-11-21 17:25:42,725 - genetic_algorithm - INFO - 第 11 代，新的最佳适应度: -1035000.00
2025-11-21 17:25:42,770 - genetic_algorithm - INFO - 第 12 代，新的最佳适应度: -1025000.00
2025-11-21 17:25:42,914 - genetic_algorithm - INFO - 第 15 代，新的最佳适应度: -1020000.00
2025-11-21 17:25:43,060 - genetic_algorithm - INFO - 第 18 代，新的最佳适应度: -1015000.00
2025-11-21 17:25:43,108 - genetic_algorithm - INFO - 第 19 代，新的最佳适应度: -1010000.00
2025-11-21 17:25:43,163 - genetic_algorithm - INFO - 第 20 代完成，当前最佳适应度: -1010000.00
2025-11-21 17:25:43,209 - genetic_algorithm - INFO - 第 21 代，新的最佳适应度: -1005000.00
2025-11-21 17:25:43,394 - genetic_algorithm - INFO - 第 25 代，新的最佳适应度: -1000000.00
2025-11-21 17:25:43,443 - genetic_algorithm - INFO - 第 26 代，新的最佳适应度: -995000.00
2025-11-21 17:25:43,489 - genetic_algorithm - INFO - 第 27 代，新的最佳适应度: -990000.00
2025-11-21 17:25:43,631 - genetic_algorithm - INFO - 第 30 代，新的最佳适应度: -985000.00
2025-11-21 17:25:43,778 - genetic_algorithm - INFO - 第 33 代，新的最佳适应度: -980000.00
2025-11-21 17:25:43,925 - genetic_algorithm - INFO - 第 36 代，新的最佳适应度: -975000.00
2025-11-21 17:25:44,110 - genetic_algorithm - INFO - 第 40 代，新的最佳适应度: -970000.00
2025-11-21 17:25:44,121 - genetic_algorithm - INFO - 第 40 代完成，当前最佳适应度: -970000.00
2025-11-21 17:25:44,405 - genetic_algorithm - INFO - 第 46 代，新的最佳适应度: -965000.00
2025-11-21 17:25:44,595 - genetic_algorithm - INFO - 第 50 代，新的最佳适应度: -960000.00
2025-11-21 17:25:44,642 - genetic_algorithm - INFO - 第 51 代，新的最佳适应度: -955000.00
2025-11-21 17:25:44,689 - genetic_algorithm - INFO - 第 52 代，新的最佳适应度: -950000.00
2025-11-21 17:25:44,925 - genetic_algorithm - INFO - 第 57 代，新的最佳适应度: -945000.00
2025-11-21 17:25:45,018 - genetic_algorithm - INFO - 第 59 代，新的最佳适应度: -940000.00
2025-11-21 17:25:45,078 - genetic_algorithm - INFO - 第 60 代完成，当前最佳适应度: -940000.00
2025-11-21 17:25:46,054 - genetic_algorithm - INFO - 第 80 代完成，当前最佳适应度: -940000.00
2025-11-21 17:25:47,053 - genetic_algorithm - INFO - 第 100 代完成，当前最佳适应度: -940000.00
2025-11-21 17:25:47,475 - genetic_algorithm - INFO - 算法停滞 50 代，提前结束
2025-11-21 17:25:47,514 - genetic_algorithm - INFO - 进化完成，最终最佳适应度: -940000.00
2025-11-21 17:25:47,514 - __main__ - INFO - 保存排课结果
2025-11-21 17:25:47,514 - db_connector - INFO - 开始保存排课结果，版本ID: 1
2025-11-21 17:25:47,520 - db_connector - INFO - 批量插入 153 条记录成功
2025-11-21 17:25:47,521 - db_connector - INFO - 成功保存 153 条排课结果
2025-11-21 17:25:47,521 - __main__ - INFO - 生成排课统计报告
2025-11-21 17:25:47,521 - __main__ - INFO - 排课覆盖率: 100.0% (153/153)
2025-11-21 17:25:47,521 - __main__ - WARNING - 发现班级冲突: 13 处
2025-11-21 17:25:47,521 - __main__ - INFO - 教室平均利用率: 75.1%
2025-11-21 17:25:47,521 - __main__ - WARNING - 发现 35 间教室利用率过低(<50%)
2025-11-21 17:25:47,522 - __main__ - INFO - 排课完成，总耗时: 24.58 秒
2025-11-21 17:25:47,522 - __main__ - INFO - 排课任务完成成功！
2025-11-21 17:25:47,522 - db_connector - INFO - 数据库连接已关闭
2025-11-21 17:43:08,483 - __main__ - INFO - ============================================================
2025-11-21 17:43:08,484 - __main__ - INFO - 智能排课系统启动
2025-11-21 17:43:08,484 - __main__ - INFO - ============================================================
2025-11-21 17:43:08,484 - __main__ - INFO - 版本ID: 1
2025-11-21 17:43:08,484 - __main__ - INFO - 遗传算法配置: {'population_size': 150, 'generations': 300, 'crossover_rate': 0.8, 'mutation_rate': 0.1, 'tournament_size': 5, 'elitism_size': 10, 'max_stagnation': 50}
2025-11-21 17:43:08,484 - __main__ - INFO - 连接数据库: localhost:paike2
2025-11-21 17:43:08,494 - db_connector - INFO - 数据库连接成功
2025-11-21 17:43:08,495 - __main__ - INFO - 验证版本成功: 测试版本1 (2025-2026-1)
2025-11-21 17:43:08,495 - __main__ - INFO - 开始加载学期 2025-2026-1 的数据
2025-11-21 17:43:08,496 - db_connector - INFO - 开始加载学期 2025-2026-1 的排课数据
2025-11-21 17:43:08,505 - db_connector - INFO - 开始填充教学任务详细信息
2025-11-21 17:43:08,509 - db_connector - INFO - 教学任务详细信息填充完成
2025-11-21 17:43:08,509 - db_connector - INFO - 所有数据加载完成
2025-11-21 17:43:08,509 - __main__ - INFO - 开始验证数据完整性
2025-11-21 17:43:08,509 - __main__ - INFO - 数据完整性检查通过
2025-11-21 17:43:08,509 - __main__ - INFO -   - 教学任务: 153 个
2025-11-21 17:43:08,510 - __main__ - INFO -   - 教师: 243 人
2025-11-21 17:43:08,510 - __main__ - INFO -   - 教室: 133 间
2025-11-21 17:43:08,510 - __main__ - INFO -   - 班级: 80 个
2025-11-21 17:43:08,510 - __main__ - INFO - 初始化遗传算法
2025-11-21 17:43:08,510 - genetic_algorithm - INFO - 开始预处理数据
2025-11-21 17:43:08,511 - genetic_algorithm - INFO - 任务优先级排序完成：长课程优先，必修课优先
2025-11-21 17:43:08,511 - genetic_algorithm - INFO - 预处理完成：153个任务，133个教室
2025-11-21 17:43:08,511 - __main__ - INFO - 开始运行遗传算法
2025-11-21 17:43:08,511 - genetic_algorithm - INFO - 开始遗传算法进化
2025-11-21 17:43:26,896 - genetic_algorithm - INFO - 第 0 代，新的最佳适应度: -1165000.00
2025-11-21 17:43:26,902 - genetic_algorithm - INFO - 第 0 代完成，当前最佳适应度: -1165000.00
2025-11-21 17:43:26,946 - genetic_algorithm - INFO - 第 1 代，新的最佳适应度: -1160000.00
2025-11-21 17:43:26,993 - genetic_algorithm - INFO - 第 2 代，新的最佳适应度: -1145000.00
2025-11-21 17:43:27,039 - genetic_algorithm - INFO - 第 3 代，新的最佳适应度: -1120000.00
2025-11-21 17:43:27,091 - genetic_algorithm - INFO - 第 4 代，新的最佳适应度: -1110000.00
2025-11-21 17:43:27,137 - genetic_algorithm - INFO - 第 5 代，新的最佳适应度: -1105000.00
2025-11-21 17:43:27,182 - genetic_algorithm - INFO - 第 6 代，新的最佳适应度: -1100000.00
2025-11-21 17:43:27,228 - genetic_algorithm - INFO - 第 7 代，新的最佳适应度: -1095000.00
2025-11-21 17:43:27,278 - genetic_algorithm - INFO - 第 8 代，新的最佳适应度: -1085000.00
2025-11-21 17:43:27,326 - genetic_algorithm - INFO - 第 9 代，新的最佳适应度: -1080000.00
2025-11-21 17:43:27,371 - genetic_algorithm - INFO - 第 10 代，新的最佳适应度: -1075000.00
2025-11-21 17:43:27,418 - genetic_algorithm - INFO - 第 11 代，新的最佳适应度: -1070000.00
2025-11-21 17:43:27,509 - genetic_algorithm - INFO - 第 13 代，新的最佳适应度: -1065000.00
2025-11-21 17:43:27,659 - genetic_algorithm - INFO - 第 16 代，新的最佳适应度: -1060000.00
2025-11-21 17:43:27,803 - genetic_algorithm - INFO - 第 19 代，新的最佳适应度: -1055000.00
2025-11-21 17:43:27,854 - genetic_algorithm - INFO - 第 20 代完成，当前最佳适应度: -1055000.00
2025-11-21 17:43:27,990 - genetic_algorithm - INFO - 第 23 代，新的最佳适应度: -1045000.00
2025-11-21 17:43:28,176 - genetic_algorithm - INFO - 第 27 代，新的最佳适应度: -1035000.00
2025-11-21 17:43:28,313 - genetic_algorithm - INFO - 第 30 代，新的最佳适应度: -1025000.00
2025-11-21 17:43:28,783 - genetic_algorithm - INFO - 第 40 代完成，当前最佳适应度: -1025000.00
2025-11-21 17:43:28,829 - genetic_algorithm - INFO - 第 41 代，新的最佳适应度: -1020000.00
2025-11-21 17:43:28,875 - genetic_algorithm - INFO - 第 42 代，新的最佳适应度: -1015000.00
2025-11-21 17:43:29,249 - genetic_algorithm - INFO - 第 50 代，新的最佳适应度: -1010000.00
2025-11-21 17:43:29,711 - genetic_algorithm - INFO - 第 60 代，新的最佳适应度: -1005000.00
2025-11-21 17:43:29,718 - genetic_algorithm - INFO - 第 60 代完成，当前最佳适应度: -1005000.00
2025-11-21 17:43:29,760 - genetic_algorithm - INFO - 第 61 代，新的最佳适应度: -1000000.00
2025-11-21 17:43:29,903 - genetic_algorithm - INFO - 第 64 代，新的最佳适应度: -995000.00
2025-11-21 17:43:30,665 - genetic_algorithm - INFO - 第 80 代，新的最佳适应度: -990000.00
2025-11-21 17:43:30,674 - genetic_algorithm - INFO - 第 80 代完成，当前最佳适应度: -990000.00
2025-11-21 17:43:30,957 - genetic_algorithm - INFO - 第 86 代，新的最佳适应度: -985000.00
2025-11-21 17:43:31,624 - genetic_algorithm - INFO - 第 100 代完成，当前最佳适应度: -985000.00
2025-11-21 17:43:32,373 - genetic_algorithm - INFO - 第 116 代，新的最佳适应度: -980000.00
2025-11-21 17:43:32,565 - genetic_algorithm - INFO - 第 120 代完成，当前最佳适应度: -980000.00
2025-11-21 17:43:32,655 - genetic_algorithm - INFO - 第 122 代，新的最佳适应度: -975000.00
2025-11-21 17:43:33,508 - genetic_algorithm - INFO - 第 140 代完成，当前最佳适应度: -975000.00
2025-11-21 17:43:34,467 - genetic_algorithm - INFO - 第 160 代完成，当前最佳适应度: -975000.00
2025-11-21 17:43:35,059 - genetic_algorithm - INFO - 算法停滞 50 代，提前结束
2025-11-21 17:43:35,105 - genetic_algorithm - INFO - 进化完成，最终最佳适应度: -975000.00
2025-11-21 17:43:35,106 - __main__ - INFO - 保存排课结果
2025-11-21 17:43:35,106 - db_connector - INFO - 开始保存排课结果，版本ID: 1
2025-11-21 17:43:35,114 - db_connector - INFO - 批量插入 153 条记录成功
2025-11-21 17:43:35,114 - db_connector - INFO - 成功保存 153 条排课结果
2025-11-21 17:43:35,115 - __main__ - INFO - 生成排课统计报告
2025-11-21 17:43:35,115 - __main__ - INFO - 排课覆盖率: 100.0% (153/153)
2025-11-21 17:43:35,115 - __main__ - WARNING - 发现班级冲突: 12 处
2025-11-21 17:43:35,115 - __main__ - INFO - 教室平均利用率: 88.9%
2025-11-21 17:43:35,116 - __main__ - WARNING - 发现 26 间教室利用率过低(<50%)
2025-11-21 17:43:35,116 - __main__ - INFO - 排课完成，总耗时: 26.62 秒
2025-11-21 17:43:35,116 - __main__ - INFO - 排课任务完成成功！
2025-11-21 17:43:35,116 - db_connector - INFO - 数据库连接已关闭
2025-11-21 22:40:11,671 - __main__ - INFO - ============================================================
2025-11-21 22:40:11,671 - __main__ - INFO - 智能排课系统启动
2025-11-21 22:40:11,671 - __main__ - INFO - ============================================================
2025-11-21 22:40:11,671 - __main__ - INFO - 版本ID: 1
2025-11-21 22:40:11,671 - __main__ - INFO - 遗传算法配置: {'population_size': 150, 'generations': 300, 'crossover_rate': 0.8, 'mutation_rate': 0.1, 'tournament_size': 5, 'elitism_size': 10, 'max_stagnation': 50}
2025-11-21 22:40:11,671 - __main__ - INFO - 连接数据库: localhost:paike2
2025-11-21 22:40:11,704 - db_connector - INFO - 数据库连接成功
2025-11-21 22:40:11,705 - __main__ - INFO - 验证版本成功: 测试版本1 (2025-2026-1)
2025-11-21 22:40:11,705 - __main__ - INFO - 开始加载学期 2025-2026-1 的数据
2025-11-21 22:40:11,705 - db_connector - INFO - 开始加载学期 2025-2026-1 的排课数据
2025-11-21 22:40:11,716 - db_connector - INFO - 开始填充教学任务详细信息
2025-11-21 22:40:11,720 - db_connector - INFO - 教学任务详细信息填充完成
2025-11-21 22:40:11,721 - db_connector - INFO - 所有数据加载完成
2025-11-21 22:40:11,721 - __main__ - INFO - 开始验证数据完整性
2025-11-21 22:40:11,721 - __main__ - INFO - 数据完整性检查通过
2025-11-21 22:40:11,721 - __main__ - INFO -   - 教学任务: 153 个
2025-11-21 22:40:11,721 - __main__ - INFO -   - 教师: 250 人
2025-11-21 22:40:11,721 - __main__ - INFO -   - 教室: 133 间
2025-11-21 22:40:11,721 - __main__ - INFO -   - 班级: 80 个
2025-11-21 22:40:11,721 - __main__ - INFO - 初始化遗传算法
2025-11-21 22:40:11,722 - genetic_algorithm - INFO - 开始预处理数据
2025-11-21 22:40:11,722 - genetic_algorithm - INFO - 任务优先级排序完成：长课程优先，必修课优先
2025-11-21 22:40:11,722 - genetic_algorithm - INFO - 预处理完成：153个任务，133个教室
2025-11-21 22:40:11,722 - __main__ - INFO - 开始运行遗传算法
2025-11-21 22:40:11,722 - genetic_algorithm - INFO - 开始遗传算法进化
2025-11-21 22:40:29,308 - genetic_algorithm - INFO - 第 0 代，新的最佳适应度: -1200000.00
2025-11-21 22:40:29,317 - genetic_algorithm - INFO - 第 0 代完成，当前最佳适应度: -1200000.00
2025-11-21 22:40:29,354 - genetic_algorithm - INFO - 第 1 代，新的最佳适应度: -1185000.00
2025-11-21 22:40:29,397 - genetic_algorithm - INFO - 第 2 代，新的最佳适应度: -1175000.00
2025-11-21 22:40:29,450 - genetic_algorithm - INFO - 第 3 代，新的最佳适应度: -1165000.00
2025-11-21 22:40:29,497 - genetic_algorithm - INFO - 第 4 代，新的最佳适应度: -1150000.00
2025-11-21 22:40:29,543 - genetic_algorithm - INFO - 第 5 代，新的最佳适应度: -1120000.00
2025-11-21 22:40:29,632 - genetic_algorithm - INFO - 第 7 代，新的最佳适应度: -1105000.00
2025-11-21 22:40:29,723 - genetic_algorithm - INFO - 第 9 代，新的最佳适应度: -1095000.00
2025-11-21 22:40:29,767 - genetic_algorithm - INFO - 第 10 代，新的最佳适应度: -1085000.00
2025-11-21 22:40:29,856 - genetic_algorithm - INFO - 第 12 代，新的最佳适应度: -1080000.00
2025-11-21 22:40:29,898 - genetic_algorithm - INFO - 第 13 代，新的最佳适应度: -1075000.00
2025-11-21 22:40:29,940 - genetic_algorithm - INFO - 第 14 代，新的最佳适应度: -1070000.00
2025-11-21 22:40:30,070 - genetic_algorithm - INFO - 第 17 代，新的最佳适应度: -1065000.00
2025-11-21 22:40:30,158 - genetic_algorithm - INFO - 第 19 代，新的最佳适应度: -1060000.00
2025-11-21 22:40:30,211 - genetic_algorithm - INFO - 第 20 代完成，当前最佳适应度: -1060000.00
2025-11-21 22:40:30,890 - genetic_algorithm - INFO - 第 35 代，新的最佳适应度: -1050000.00
2025-11-21 22:40:31,066 - genetic_algorithm - INFO - 第 39 代，新的最佳适应度: -1040000.00
2025-11-21 22:40:31,116 - genetic_algorithm - INFO - 第 40 代完成，当前最佳适应度: -1040000.00
2025-11-21 22:40:31,977 - genetic_algorithm - INFO - 第 60 代完成，当前最佳适应度: -1040000.00
2025-11-21 22:40:32,592 - genetic_algorithm - INFO - 第 74 代，新的最佳适应度: -1035000.00
2025-11-21 22:40:32,730 - genetic_algorithm - INFO - 第 77 代，新的最佳适应度: -1020000.00
2025-11-21 22:40:32,868 - genetic_algorithm - INFO - 第 80 代完成，当前最佳适应度: -1020000.00
2025-11-21 22:40:33,259 - genetic_algorithm - INFO - 第 89 代，新的最佳适应度: -1010000.00
2025-11-21 22:40:33,759 - genetic_algorithm - INFO - 第 100 代完成，当前最佳适应度: -1010000.00
2025-11-21 22:40:34,068 - genetic_algorithm - INFO - 第 107 代，新的最佳适应度: -1005000.00
2025-11-21 22:40:34,163 - genetic_algorithm - INFO - 第 109 代，新的最佳适应度: -1000000.00
2025-11-21 22:40:34,666 - genetic_algorithm - INFO - 第 120 代完成，当前最佳适应度: -1000000.00
2025-11-21 22:40:35,044 - genetic_algorithm - INFO - 第 128 代，新的最佳适应度: -990000.00
2025-11-21 22:40:35,607 - genetic_algorithm - INFO - 第 140 代完成，当前最佳适应度: -990000.00
2025-11-21 22:40:35,864 - genetic_algorithm - INFO - 第 146 代，新的最佳适应度: -980000.00
2025-11-21 22:40:36,310 - genetic_algorithm - INFO - 第 156 代，新的最佳适应度: -975000.00
2025-11-21 22:40:36,504 - genetic_algorithm - INFO - 第 160 代完成，当前最佳适应度: -975000.00
2025-11-21 22:40:36,636 - genetic_algorithm - INFO - 第 163 代，新的最佳适应度: -965000.00
2025-11-21 22:40:37,440 - genetic_algorithm - INFO - 第 180 代完成，当前最佳适应度: -965000.00
2025-11-21 22:40:37,525 - genetic_algorithm - INFO - 第 182 代，新的最佳适应度: -960000.00
2025-11-21 22:40:37,701 - genetic_algorithm - INFO - 第 186 代，新的最佳适应度: -955000.00
2025-11-21 22:40:37,924 - genetic_algorithm - INFO - 第 191 代，新的最佳适应度: -950000.00
2025-11-21 22:40:38,329 - genetic_algorithm - INFO - 第 200 代完成，当前最佳适应度: -950000.00
2025-11-21 22:40:38,735 - genetic_algorithm - INFO - 第 209 代，新的最佳适应度: -940000.00
2025-11-21 22:40:39,227 - genetic_algorithm - INFO - 第 220 代完成，当前最佳适应度: -940000.00
2025-11-21 22:40:40,102 - genetic_algorithm - INFO - 第 240 代完成，当前最佳适应度: -940000.00
2025-11-21 22:40:40,934 - genetic_algorithm - INFO - 算法停滞 50 代，提前结束
2025-11-21 22:40:40,973 - genetic_algorithm - INFO - 进化完成，最终最佳适应度: -940000.00
2025-11-21 22:40:40,974 - __main__ - INFO - 保存排课结果
2025-11-21 22:40:40,974 - db_connector - INFO - 开始保存排课结果，版本ID: 1
2025-11-21 22:40:40,982 - db_connector - INFO - 批量插入 153 条记录成功
2025-11-21 22:40:40,982 - db_connector - INFO - 成功保存 153 条排课结果
2025-11-21 22:40:40,982 - __main__ - INFO - 生成排课统计报告
2025-11-21 22:40:40,982 - __main__ - INFO - 排课覆盖率: 100.0% (153/153)
2025-11-21 22:40:40,983 - __main__ - WARNING - 发现班级冲突: 8 处
2025-11-21 22:40:40,983 - __main__ - INFO - 教室平均利用率: 77.7%
2025-11-21 22:40:40,983 - __main__ - WARNING - 发现 30 间教室利用率过低(<50%)
2025-11-21 22:40:40,983 - __main__ - INFO - 排课完成，总耗时: 29.28 秒
2025-11-21 22:40:40,984 - __main__ - INFO - 排课任务完成成功！
2025-11-21 22:40:40,984 - db_connector - INFO - 数据库连接已关闭
2025-11-22 17:56:22,404 - __main__ - INFO - ============================================================
2025-11-22 17:56:22,404 - __main__ - INFO - 智能排课系统启动
2025-11-22 17:56:22,405 - __main__ - INFO - ============================================================
2025-11-22 17:56:22,405 - __main__ - INFO - 版本ID: 2
2025-11-22 17:56:22,405 - __main__ - INFO - 遗传算法配置: {'population_size': 200, 'generations': 500, 'crossover_rate': 0.8, 'mutation_rate': 0.1, 'tournament_size': 5, 'elitism_size': 10, 'max_stagnation': 50}
2025-11-22 17:56:22,405 - __main__ - INFO - 连接数据库: localhost:paike2
2025-11-22 17:56:22,427 - db_connector - INFO - 数据库连接成功
2025-11-22 17:56:22,428 - __main__ - ERROR - 排课版本 2 不存在
2025-11-22 17:56:22,428 - __main__ - ERROR - 排课任务执行失败！
2025-11-22 17:56:22,429 - db_connector - INFO - 数据库连接已关闭
2025-11-22 18:04:02,327 - __main__ - INFO - ============================================================
2025-11-22 18:04:02,327 - __main__ - INFO - 智能排课系统启动
2025-11-22 18:04:02,327 - __main__ - INFO - ============================================================
2025-11-22 18:04:02,327 - __main__ - INFO - 版本ID: 2
2025-11-22 18:04:02,327 - __main__ - INFO - 遗传算法配置: {'population_size': 200, 'generations': 500, 'crossover_rate': 0.8, 'mutation_rate': 0.1, 'tournament_size': 5, 'elitism_size': 10, 'max_stagnation': 50}
2025-11-22 18:04:02,328 - __main__ - INFO - 连接数据库: localhost:paike2
2025-11-22 18:04:02,338 - db_connector - INFO - 数据库连接成功
2025-11-22 18:04:02,339 - __main__ - INFO - 排课版本 2 不存在，自动创建...
2025-11-22 18:04:02,339 - __main__ - ERROR - 创建排课版本失败: 'DatabaseConnector' object has no attribute 'execute_update'
2025-11-22 18:04:02,339 - __main__ - ERROR - 排课任务执行失败！
2025-11-22 18:04:02,339 - db_connector - INFO - 数据库连接已关闭
2025-11-22 18:05:02,991 - __main__ - INFO - ============================================================
2025-11-22 18:05:02,991 - __main__ - INFO - 智能排课系统启动
2025-11-22 18:05:02,991 - __main__ - INFO - ============================================================
2025-11-22 18:05:02,991 - __main__ - INFO - 版本ID: 2
2025-11-22 18:05:02,992 - __main__ - INFO - 遗传算法配置: {'population_size': 200, 'generations': 500, 'crossover_rate': 0.8, 'mutation_rate': 0.1, 'tournament_size': 5, 'elitism_size': 10, 'max_stagnation': 50}
2025-11-22 18:05:02,992 - __main__ - INFO - 连接数据库: localhost:paike2
2025-11-22 18:05:03,012 - db_connector - INFO - 数据库连接成功
2025-11-22 18:05:03,013 - __main__ - INFO - 排课版本 2 不存在，自动创建...
2025-11-22 18:05:03,019 - __main__ - INFO - 成功创建排课版本 2
2025-11-22 18:05:03,019 - __main__ - INFO - 验证版本成功: 版本2 (2024-2025-1)
2025-11-22 18:05:03,020 - __main__ - INFO - 开始加载学期 2024-2025-1 的数据
2025-11-22 18:05:03,020 - db_connector - INFO - 开始加载学期 2024-2025-1 的排课数据
2025-11-22 18:05:03,030 - db_connector - INFO - 开始填充教学任务详细信息
2025-11-22 18:05:03,031 - __main__ - ERROR - 排课过程中发生错误: list index out of range
2025-11-22 18:05:03,032 - __main__ - ERROR - Traceback (most recent call last):
  File "D:\suanf\suanf-main\suan2.py", line 165, in run_scheduling
    data = self.data_loader.load_all_data(semester)
  File "D:\suanf\suanf-main\db_connector.py", line 122, in load_all_data
    self._enrich_teaching_tasks(data)
    ~~~~~~~~~~~~~~~~~~~~~~~~~~~^^^^^^
  File "D:\suanf\suanf-main\db_connector.py", line 259, in _enrich_teaching_tasks
    query, (list(data["course_offerings"].values())[0].semester,)
            ~~~~~~~~~~~~~~~~~~~~~~~~~~~~~~~~~~~~~~~^^^
IndexError: list index out of range

2025-11-22 18:05:03,032 - __main__ - ERROR - 排课任务执行失败！
2025-11-22 18:05:03,032 - db_connector - INFO - 数据库连接已关闭
2025-11-22 18:06:40,583 - __main__ - INFO - ============================================================
2025-11-22 18:06:40,583 - __main__ - INFO - 智能排课系统启动
2025-11-22 18:06:40,584 - __main__ - INFO - ============================================================
2025-11-22 18:06:40,584 - __main__ - INFO - 版本ID: 2
2025-11-22 18:06:40,584 - __main__ - INFO - 遗传算法配置: {'population_size': 200, 'generations': 500, 'crossover_rate': 0.8, 'mutation_rate': 0.1, 'tournament_size': 5, 'elitism_size': 10, 'max_stagnation': 50}
2025-11-22 18:06:40,584 - __main__ - INFO - 连接数据库: localhost:paike2
2025-11-22 18:06:40,592 - db_connector - INFO - 数据库连接成功
2025-11-22 18:06:40,593 - __main__ - INFO - 验证版本成功: 版本2 (2024-2025-1)
2025-11-22 18:06:40,593 - __main__ - INFO - 开始加载学期 2024-2025-1 的数据
2025-11-22 18:06:40,593 - db_connector - INFO - 开始加载学期 2024-2025-1 的排课数据
2025-11-22 18:06:40,602 - db_connector - INFO - 开始填充教学任务详细信息
2025-11-22 18:06:40,602 - __main__ - ERROR - 排课过程中发生错误: list index out of range
2025-11-22 18:06:40,603 - __main__ - ERROR - Traceback (most recent call last):
  File "D:\suanf\suanf-main\suan2.py", line 170, in run_scheduling
    data = self.data_loader.load_all_data(semester)
  File "D:\suanf\suanf-main\db_connector.py", line 122, in load_all_data
    self._enrich_teaching_tasks(data)
    ~~~~~~~~~~~~~~~~~~~~~~~~~~~^^^^^^
  File "D:\suanf\suanf-main\db_connector.py", line 259, in _enrich_teaching_tasks
    query, (list(data["course_offerings"].values())[0].semester,)
            ~~~~~~~~~~~~~~~~~~~~~~~~~~~~~~~~~~~~~~~^^^
IndexError: list index out of range

2025-11-22 18:06:40,604 - __main__ - ERROR - 排课任务执行失败！
2025-11-22 18:06:40,604 - db_connector - INFO - 数据库连接已关闭
2025-11-22 18:07:12,848 - __main__ - INFO - ============================================================
2025-11-22 18:07:12,848 - __main__ - INFO - 智能排课系统启动
2025-11-22 18:07:12,848 - __main__ - INFO - ============================================================
2025-11-22 18:07:12,849 - __main__ - INFO - 版本ID: 1
2025-11-22 18:07:12,849 - __main__ - INFO - 遗传算法配置: {'population_size': 200, 'generations': 500, 'crossover_rate': 0.8, 'mutation_rate': 0.1, 'tournament_size': 5, 'elitism_size': 10, 'max_stagnation': 50}
2025-11-22 18:07:12,849 - __main__ - INFO - 连接数据库: localhost:paike2
2025-11-22 18:07:12,875 - db_connector - INFO - 数据库连接成功
2025-11-22 18:07:12,876 - __main__ - INFO - 验证版本成功: 测试版本1 (2025-2026-1)
2025-11-22 18:07:12,877 - __main__ - INFO - 开始加载学期 2025-2026-1 的数据
2025-11-22 18:07:12,877 - db_connector - INFO - 开始加载学期 2025-2026-1 的排课数据
2025-11-22 18:07:12,888 - db_connector - INFO - 开始填充教学任务详细信息
2025-11-22 18:07:12,891 - db_connector - INFO - 教学任务详细信息填充完成
2025-11-22 18:07:12,892 - db_connector - INFO - 所有数据加载完成
2025-11-22 18:07:12,892 - __main__ - INFO - 开始验证数据完整性
2025-11-22 18:07:12,892 - __main__ - INFO - 数据完整性检查通过
2025-11-22 18:07:12,892 - __main__ - INFO -   - 教学任务: 153 个
2025-11-22 18:07:12,892 - __main__ - INFO -   - 教师: 250 人
2025-11-22 18:07:12,892 - __main__ - INFO -   - 教室: 133 间
2025-11-22 18:07:12,892 - __main__ - INFO -   - 班级: 80 个
2025-11-22 18:07:12,892 - __main__ - INFO - 初始化遗传算法
2025-11-22 18:07:12,892 - genetic_algorithm - INFO - 开始预处理数据
2025-11-22 18:07:12,893 - genetic_algorithm - INFO - 任务优先级排序完成：长课程优先，必修课优先
2025-11-22 18:07:12,893 - genetic_algorithm - INFO - 预处理完成：153个任务，133个教室
2025-11-22 18:07:12,894 - __main__ - INFO - 开始运行遗传算法
2025-11-22 18:07:12,894 - genetic_algorithm - INFO - 开始遗传算法进化
2025-11-22 18:07:36,275 - genetic_algorithm - INFO - 第 0 代，新的最佳适应度: -1225000.00
2025-11-22 18:07:36,276 - __main__ - ERROR - 排课过程中发生错误: 'TeachingTask' object has no attribute 'class_id'
2025-11-22 18:07:36,278 - __main__ - ERROR - Traceback (most recent call last):
  File "D:\suanf\suanf-main\suan2.py", line 182, in run_scheduling
    best_solution = ga.evolve()
  File "D:\suanf\suanf-main\genetic_algorithm.py", line 1035, in evolve
    child1 = self.mutate(child1)
  File "D:\suanf\suanf-main\genetic_algorithm.py", line 909, in mutate
    mutated[i] = self._repair_conflicting_gene(gene, mutated[:i] + mutated[i+1:], task)
                 ~~~~~~~~~~~~~~~~~~~~~~~~~~~~~^^^^^^^^^^^^^^^^^^^^^^^^^^^^^^^^^^^^^^^^^
  File "D:\suanf\suanf-main\genetic_algorithm.py", line 922, in _repair_conflicting_gene
    if task.class_id == other_task.class_id:
       ^^^^^^^^^^^^^
AttributeError: 'TeachingTask' object has no attribute 'class_id'. Did you mean: 'classes'?

2025-11-22 18:07:36,279 - __main__ - ERROR - 排课任务执行失败！
2025-11-22 18:07:36,279 - db_connector - INFO - 数据库连接已关闭
2025-11-22 22:43:10,623 - __main__ - INFO - ============================================================
2025-11-22 22:43:10,624 - __main__ - INFO - 智能排课系统启动
2025-11-22 22:43:10,624 - __main__ - INFO - ============================================================
2025-11-22 22:43:10,624 - __main__ - INFO - 版本ID: 1
2025-11-22 22:43:10,624 - __main__ - INFO - 遗传算法配置: {'population_size': 200, 'generations': 500, 'crossover_rate': 0.8, 'mutation_rate': 0.1, 'tournament_size': 5, 'elitism_size': 10, 'max_stagnation': 50}
2025-11-22 22:43:10,624 - __main__ - INFO - 连接数据库: localhost:paike2
2025-11-22 22:43:10,639 - db_connector - INFO - 数据库连接成功
2025-11-22 22:43:10,640 - __main__ - INFO - 验证版本成功: 测试版本1 (2025-2026-1)
2025-11-22 22:43:10,640 - __main__ - INFO - 开始加载学期 2025-2026-1 的数据
2025-11-22 22:43:10,640 - db_connector - INFO - 开始加载学期 2025-2026-1 的排课数据
2025-11-22 22:43:10,654 - db_connector - INFO - 开始填充教学任务详细信息
2025-11-22 22:43:10,658 - db_connector - INFO - 教学任务详细信息填充完成
2025-11-22 22:43:10,659 - db_connector - INFO - 所有数据加载完成
2025-11-22 22:43:10,659 - __main__ - INFO - 开始验证数据完整性
2025-11-22 22:43:10,659 - __main__ - INFO - 数据完整性检查通过
2025-11-22 22:43:10,659 - __main__ - INFO -   - 教学任务: 153 个
2025-11-22 22:43:10,659 - __main__ - INFO -   - 教师: 250 人
2025-11-22 22:43:10,659 - __main__ - INFO -   - 教室: 133 间
2025-11-22 22:43:10,659 - __main__ - INFO -   - 班级: 80 个
2025-11-22 22:43:10,660 - __main__ - INFO - 初始化遗传算法
2025-11-22 22:43:10,660 - genetic_algorithm - INFO - 开始预处理数据
2025-11-22 22:43:10,661 - genetic_algorithm - INFO - 任务优先级排序完成：长课程优先，必修课优先
2025-11-22 22:43:10,661 - genetic_algorithm - INFO - 预处理完成：153个任务，133个教室
2025-11-22 22:43:10,662 - __main__ - INFO - 开始运行遗传算法
2025-11-22 22:43:10,662 - genetic_algorithm - INFO - 开始遗传算法进化
2025-11-22 22:43:34,710 - genetic_algorithm - INFO - 第 0 代，新的最佳适应度: -1198000.00
2025-11-22 22:43:34,711 - __main__ - ERROR - 排课过程中发生错误: 'TeachingTask' object has no attribute 'class_id'
2025-11-22 22:43:34,713 - __main__ - ERROR - Traceback (most recent call last):
  File "D:\suanf\suanf-main\suan2.py", line 159, in run_scheduling
    best_solution = ga.evolve()
  File "D:\suanf\suanf-main\genetic_algorithm.py", line 1035, in evolve
    child1 = self.mutate(child1)
  File "D:\suanf\suanf-main\genetic_algorithm.py", line 909, in mutate
    mutated[i] = self._repair_conflicting_gene(gene, mutated[:i] + mutated[i+1:], task)
                 ~~~~~~~~~~~~~~~~~~~~~~~~~~~~~^^^^^^^^^^^^^^^^^^^^^^^^^^^^^^^^^^^^^^^^^
  File "D:\suanf\suanf-main\genetic_algorithm.py", line 922, in _repair_conflicting_gene
    if task.class_id == other_task.class_id:
       ^^^^^^^^^^^^^
AttributeError: 'TeachingTask' object has no attribute 'class_id'. Did you mean: 'classes'?

2025-11-22 22:43:34,714 - __main__ - ERROR - 排课任务执行失败！
2025-11-22 22:43:34,715 - db_connector - INFO - 数据库连接已关闭
2025-11-22 23:21:21,568 - __main__ - INFO - ============================================================
2025-11-22 23:21:21,568 - __main__ - INFO - 智能排课系统启动
2025-11-22 23:21:21,569 - __main__ - INFO - ============================================================
2025-11-22 23:21:21,569 - __main__ - INFO - 版本ID: 1
2025-11-22 23:21:21,569 - __main__ - INFO - 遗传算法配置: {'population_size': 200, 'generations': 500, 'crossover_rate': 0.8, 'mutation_rate': 0.1, 'tournament_size': 5, 'elitism_size': 10, 'max_stagnation': 50}
2025-11-22 23:21:21,569 - __main__ - INFO - 连接数据库: localhost:paike2
2025-11-22 23:21:21,603 - db_connector - INFO - 数据库连接成功
2025-11-22 23:21:21,604 - __main__ - INFO - 验证版本成功: 测试版本1 (2025-2026-1)
2025-11-22 23:21:21,605 - __main__ - INFO - 开始加载学期 2025-2026-1 的数据
2025-11-22 23:21:21,605 - db_connector - INFO - 开始加载学期 2025-2026-1 的排课数据
2025-11-22 23:21:21,615 - db_connector - INFO - 开始填充教学任务详细信息
2025-11-22 23:21:21,618 - db_connector - INFO - 教学任务详细信息填充完成
2025-11-22 23:21:21,618 - db_connector - INFO - 所有数据加载完成
2025-11-22 23:21:21,619 - __main__ - INFO - 开始验证数据完整性
2025-11-22 23:21:21,619 - __main__ - INFO - 数据完整性检查通过
2025-11-22 23:21:21,619 - __main__ - INFO -   - 教学任务: 153 个
2025-11-22 23:21:21,619 - __main__ - INFO -   - 教师: 250 人
2025-11-22 23:21:21,619 - __main__ - INFO -   - 教室: 133 间
2025-11-22 23:21:21,619 - __main__ - INFO -   - 班级: 80 个
2025-11-22 23:21:21,619 - __main__ - INFO - 初始化遗传算法
2025-11-22 23:21:21,619 - genetic_algorithm - INFO - 开始预处理数据
2025-11-22 23:21:21,620 - genetic_algorithm - INFO - 任务优先级排序完成：长课程优先，必修课优先
2025-11-22 23:21:21,620 - genetic_algorithm - INFO - 预处理完成：153个任务，133个教室
2025-11-22 23:21:21,620 - __main__ - INFO - 开始运行遗传算法
2025-11-22 23:21:21,620 - genetic_algorithm - INFO - 开始遗传算法进化
2025-11-22 23:21:46,784 - genetic_algorithm - INFO - 第 0 代，新的最佳适应度: -1183000.00
2025-11-22 23:21:46,803 - genetic_algorithm - INFO - 第 0 代完成，当前最佳适应度: -1183000.00
2025-11-22 23:21:46,865 - genetic_algorithm - INFO - 第 1 代，新的最佳适应度: -1171000.00
2025-11-22 23:21:46,954 - genetic_algorithm - INFO - 第 2 代，新的最佳适应度: -1153000.00
2025-11-22 23:21:47,124 - genetic_algorithm - INFO - 第 4 代，新的最佳适应度: -1129000.00
2025-11-22 23:21:47,201 - genetic_algorithm - INFO - 第 5 代，新的最佳适应度: -1126000.00
2025-11-22 23:21:47,293 - genetic_algorithm - INFO - 第 6 代，新的最佳适应度: -1114000.00
2025-11-22 23:21:47,384 - genetic_algorithm - INFO - 第 7 代，新的最佳适应度: -1106000.00
2025-11-22 23:21:47,473 - genetic_algorithm - INFO - 第 8 代，新的最佳适应度: -1093000.00
2025-11-22 23:21:47,560 - genetic_algorithm - INFO - 第 9 代，新的最佳适应度: -1086000.00
2025-11-22 23:21:47,651 - genetic_algorithm - INFO - 第 10 代，新的最佳适应度: -1073000.00
2025-11-22 23:21:47,744 - genetic_algorithm - INFO - 第 11 代，新的最佳适应度: -1051000.00
2025-11-22 23:21:47,975 - genetic_algorithm - INFO - 第 14 代，新的最佳适应度: -1048000.00
2025-11-22 23:21:48,054 - genetic_algorithm - INFO - 第 15 代，新的最佳适应度: -1038000.00
2025-11-22 23:21:48,134 - genetic_algorithm - INFO - 第 16 代，新的最佳适应度: -1035000.00
2025-11-22 23:21:48,353 - genetic_algorithm - INFO - 第 19 代，新的最佳适应度: -1025000.00
2025-11-22 23:21:48,448 - genetic_algorithm - INFO - 第 20 代，新的最佳适应度: -1015000.00
2025-11-22 23:21:48,470 - genetic_algorithm - INFO - 第 20 代完成，当前最佳适应度: -1015000.00
2025-11-22 23:21:48,776 - genetic_algorithm - INFO - 第 24 代，新的最佳适应度: -1009000.00
2025-11-22 23:21:48,849 - genetic_algorithm - INFO - 第 25 代，新的最佳适应度: -1005000.00
2025-11-22 23:21:48,940 - genetic_algorithm - INFO - 第 26 代，新的最佳适应度: -1002000.00
2025-11-22 23:21:49,153 - genetic_algorithm - INFO - 第 28 代，新的最佳适应度: -996000.00
2025-11-22 23:21:49,309 - genetic_algorithm - INFO - 第 30 代，新的最佳适应度: -992000.00
2025-11-22 23:21:49,651 - genetic_algorithm - INFO - 第 34 代，新的最佳适应度: -986000.00
2025-11-22 23:21:49,962 - genetic_algorithm - INFO - 第 38 代，新的最佳适应度: -983000.00
2025-11-22 23:21:50,140 - genetic_algorithm - INFO - 第 40 代完成，当前最佳适应度: -983000.00
2025-11-22 23:21:50,968 - genetic_algorithm - INFO - 第 50 代，新的最佳适应度: -973000.00
2025-11-22 23:21:51,784 - genetic_algorithm - INFO - 第 60 代，新的最佳适应度: -963000.00
2025-11-22 23:21:51,810 - genetic_algorithm - INFO - 第 60 代完成，当前最佳适应度: -963000.00
2025-11-22 23:21:53,330 - genetic_algorithm - INFO - 第 80 代完成，当前最佳适应度: -963000.00
2025-11-22 23:21:54,895 - genetic_algorithm - INFO - 第 100 代完成，当前最佳适应度: -963000.00
2025-11-22 23:21:55,698 - genetic_algorithm - INFO - 算法停滞 50 代，提前结束
2025-11-22 23:21:55,762 - genetic_algorithm - INFO - 进化完成，最终最佳适应度: -963000.00
2025-11-22 23:21:55,763 - __main__ - INFO - 保存排课结果
2025-11-22 23:21:55,763 - db_connector - INFO - 开始保存排课结果，版本ID: 1
2025-11-22 23:21:55,771 - db_connector - INFO - 批量插入 153 条记录成功
2025-11-22 23:21:55,771 - db_connector - INFO - 成功保存 153 条排课结果
2025-11-22 23:21:55,771 - __main__ - INFO - 生成排课统计报告
2025-11-22 23:21:55,772 - __main__ - INFO - 排课覆盖率: 100.0% (153/153)
2025-11-22 23:21:55,772 - __main__ - WARNING - 发现班级冲突: 13 处
2025-11-22 23:21:55,772 - __main__ - INFO - 教室平均利用率: 68.8%
2025-11-22 23:21:55,772 - __main__ - WARNING - 发现 38 间教室利用率过低(<50%)
2025-11-22 23:21:55,772 - __main__ - INFO - 排课完成，总耗时: 34.17 秒
2025-11-22 23:21:55,772 - __main__ - INFO - 排课任务完成成功！
2025-11-22 23:21:55,773 - db_connector - INFO - 数据库连接已关闭
